Log file open, 09/04/17 13:06:17
LogWindows: LoadLibraryWithSearchPaths failed for file aqProf.dll. GetLastError=0
LogWindows: LoadLibraryWithSearchPaths failed for file VSPerf140.dll. GetLastError=0
LogWindows: LoadLibraryWithSearchPaths failed for file VtuneApi.dll. GetLastError=0
LogWindows: LoadLibraryWithSearchPaths failed for file VtuneApi32e.dll. GetLastError=0
LogInit: Display: Running engine for game: SideScroller
LogPlatformFile: Not using cached read wrapper
LogInit: Display: RandInit(90787324) SRandInit(90787324).
LogTaskGraph: Started task graph with 5 named threads and 14 total threads with 3 sets of task threads.
LogStats: Stats thread started at 0.170077
LogD3D11RHI: Aftermath initialized
LogPluginManager: Mounting plugin Paper2D
LogPluginManager: Mounting plugin LightPropagationVolume
LogPluginManager: Mounting plugin CodeLiteSourceCodeAccess
LogPluginManager: Mounting plugin GitSourceControl
LogPluginManager: Mounting plugin KDevelopSourceCodeAccess
LogPluginManager: Mounting plugin NullSourceCodeAccess
LogPluginManager: Mounting plugin PerforceSourceControl
LogPluginManager: Mounting plugin SubversionSourceControl
LogPluginManager: Mounting plugin UObjectPlugin
LogPluginManager: Mounting plugin VisualStudioSourceCodeAccess
LogPluginManager: Mounting plugin XCodeSourceCodeAccess
LogPluginManager: Mounting plugin AssetManagerEditor
LogPluginManager: Mounting plugin AudioCapture
LogPluginManager: Mounting plugin FacialAnimation
LogPluginManager: Mounting plugin GameplayTagsEditor
LogPluginManager: Mounting plugin MobileLauncherProfileWizard
LogPluginManager: Mounting plugin PluginBrowser
LogPluginManager: Mounting plugin SpeedTreeImporter
LogPluginManager: Mounting plugin AlembicImporter
LogPluginManager: Mounting plugin CharacterAI
LogPluginManager: Mounting plugin HTML5Networking
LogPluginManager: Mounting plugin AndroidMedia
LogPluginManager: Mounting plugin AvfMedia
LogPluginManager: Mounting plugin MediaPlayerEditor
LogPluginManager: Mounting plugin WmfMedia
LogPluginManager: Mounting plugin TcpMessaging
LogPluginManager: Mounting plugin UdpMessaging
LogPluginManager: Mounting plugin LevelSequenceEditor
LogPluginManager: Mounting plugin MatineeToLevelSequence
LogPluginManager: Mounting plugin OnlineSubsystemGooglePlay
LogPluginManager: Mounting plugin OnlineSubsystemIOS
LogPluginManager: Mounting plugin OnlineSubsystem
LogPluginManager: Mounting plugin OnlineSubsystemNull
LogPluginManager: Mounting plugin OnlineSubsystemUtils
LogPluginManager: Mounting plugin AndroidDeviceProfileSelector
LogPluginManager: Mounting plugin AndroidMoviePlayer
LogPluginManager: Mounting plugin AndroidPermission
LogPluginManager: Mounting plugin AppleMoviePlayer
LogPluginManager: Mounting plugin ArchVisCharacter
LogPluginManager: Mounting plugin CableComponent
LogPluginManager: Mounting plugin CustomMeshComponent
LogPluginManager: Mounting plugin ExampleDeviceProfileSelector
LogPluginManager: Mounting plugin GoogleCloudMessaging
LogPluginManager: Mounting plugin ImmediatePhysics
LogPluginManager: Mounting plugin IOSDeviceProfileSelector
LogPluginManager: Mounting plugin LinuxDeviceProfileSelector
LogPluginManager: Mounting plugin LocationServicesBPLibrary
LogPluginManager: Mounting plugin MobilePatchingUtils
LogPluginManager: Mounting plugin OculusVR
LogPluginManager: Mounting plugin PhysXVehicles
LogPluginManager: Mounting plugin ProceduralMeshComponent
LogPluginManager: Mounting plugin RuntimePhysXCooking
LogPluginManager: Mounting plugin SteamVR
LogPluginManager: Mounting plugin WindowsMoviePlayer
LogInit: Using libcurl 7.47.1
LogInit:  - built for x86_64-pc-win32
LogInit:  - supports SSL with OpenSSL/1.0.2g
LogInit:  - supports HTTP deflate (compression) using libz 1.2.8
LogInit:  - other features:
LogInit:      CURL_VERSION_SSL
LogInit:      CURL_VERSION_LIBZ
LogInit:      CURL_VERSION_IPV6
LogInit:      CURL_VERSION_ASYNCHDNS
LogInit:      CURL_VERSION_LARGEFILE
LogInit:      CURL_VERSION_IDN
LogInit:  CurlRequestOptions (configurable via config and command line):
LogInit:  - bVerifyPeer = false  - Libcurl will NOT verify peer certificate
LogInit:  - bUseHttpProxy = false  - Libcurl will NOT use HTTP proxy
LogInit:  - bDontReuseConnections = false  - Libcurl will reuse connections
LogInit:  - CertBundlePath = nullptr  - Libcurl will use whatever was configured at build time.
LogInit: Build: ++UE4+Release-4.17-CL-3586342
LogInit: Engine Version: 4.17.1-3586342+++UE4+Release-4.17
LogInit: Compatible Engine Version: 4.17.0-3573198+++UE4+Release-4.17
LogInit: Net CL: 3573198
LogDevObjectVersion: Number of dev versions registered: 16
LogDevObjectVersion:   Dev-Blueprints (B0D832E4-1F89-4F0D-ACCF-7EB736FD4AA2): 10
LogDevObjectVersion:   Dev-Build (E1C64328-A22C-4D53-A36C-8E866417BD8C): 0
LogDevObjectVersion:   Dev-Core (375EC13C-06E4-48FB-B500-84F0262A717E): 2
LogDevObjectVersion:   Dev-Editor (E4B068ED-F494-42E9-A231-DA0B2E46BB41): 20
LogDevObjectVersion:   Dev-Framework (CFFC743F-43B0-4480-9391-14DF171D2073): 28
LogDevObjectVersion:   Dev-Mobile (B02B49B5-BB20-44E9-A304-32B752E40360): 0
LogDevObjectVersion:   Dev-Networking (A4E4105C-59A1-49B5-A7C5-40C4547EDFEE): 0
LogDevObjectVersion:   Dev-Online (39C831C9-5AE6-47DC-9A44-9C173E1C8E7C): 0
LogDevObjectVersion:   Dev-Physics (78F01B33-EBEA-4F98-B9B4-84EACCB95AA2): 0
LogDevObjectVersion:   Dev-Platform (6631380F-2D4D-43E0-8009-CF276956A95A): 0
LogDevObjectVersion:   Dev-Rendering (12F88B9F-8875-4AFC-A67C-D90C383ABD29): 19
LogDevObjectVersion:   Dev-Sequencer (7B5AE74C-D270-4C10-A958-57980B212A5A): 4
LogDevObjectVersion:   Dev-VR (D7296918-1DD6-4BDD-9DE2-64A83CC13884): 0
LogDevObjectVersion:   Dev-LoadTimes (C2A15278-BFE7-4AFE-6C17-90FF531DF755): 1
LogDevObjectVersion:   Private-Geometry (6EACA3D4-40EC-4CC1-B786-8BED09428FC5): 1
LogDevObjectVersion:   Dev-AnimPhys (29E575DD-E0A3-4627-9D10-D276232CDCEA): 7
LogInit: Compiled (64-bit): Aug 15 2017 02:05:26
LogInit: Compiled with Visual C++: 19.00.24215.01
LogInit: Build Configuration: Development
LogInit: Branch Name: ++UE4+Release-4.17
LogInit: Command line: -EpicPortal 
LogInit: Base directory: D:/Games/UE_4.17/Engine/Binaries/Win64/
LogInit: Installed Engine Build: 1
LogInit: Presizing for max 8388607 objects, including 0 objects not considered by GC, pre-allocating 0 bytes for permanent pool.
LogInit: Object subsystem initialized
[2017.09.04-11.06.17:884][  0]LogInit: Selected Device Profile: [Windows]
[2017.09.04-11.06.17:884][  0]LogInit: Applying CVar settings loaded from the selected device profile: [Windows]
[2017.09.04-11.06.17:891][  0]LogInit: Computer: DESKTOP-6CAIEIN
[2017.09.04-11.06.17:891][  0]LogInit: User: yvana
[2017.09.04-11.06.17:891][  0]LogInit: CPU Page size=4096, Cores=4
[2017.09.04-11.06.17:891][  0]LogInit: High frequency timer resolution =3.328124 MHz
[2017.09.04-11.06.17:891][  0]LogMemory: Memory total: Physical=7.9GB (8GB approx)
[2017.09.04-11.06.17:891][  0]LogMemory: Platform Memory Stats for Windows
[2017.09.04-11.06.17:891][  0]LogMemory: Process Physical Memory: 278.38 MB used, 278.38 MB peak
[2017.09.04-11.06.17:891][  0]LogMemory: Process Virtual Memory: 274.39 MB used, 274.39 MB peak
[2017.09.04-11.06.17:891][  0]LogMemory: Physical Memory: 5709.64 MB used,  2411.54 MB free, 8121.19 MB total
[2017.09.04-11.06.17:891][  0]LogMemory: Virtual Memory: 659.58 MB used,  2411.54 MB free, 134217728.00 MB total
[2017.09.04-11.06.17:991][  0]LogInit: Using OS detected language (fr-FR).
[2017.09.04-11.06.17:991][  0]LogInit: Using OS detected locale (fr-FR).
[2017.09.04-11.06.17:994][  0]LogTextLocalizationManager: No localization for 'fr-FR' exists, so 'en' will be used for the language.
[2017.09.04-11.06.17:995][  0]LogTextLocalizationManager: No localization for 'fr-FR' exists, so 'en' will be used for the locale.
[2017.09.04-11.06.18:668][  0]LogD3D11RHI: D3D11 adapters:
[2017.09.04-11.06.19:195][  0]LogD3D11RHI:    0. 'NVIDIA GeForce GTX 1070' (Feature Level 11_0)
[2017.09.04-11.06.19:195][  0]LogD3D11RHI:       8120/0/4060 MB DedicatedVideo/DedicatedSystem/SharedSystem, Outputs:2, VendorId:0x10de
[2017.09.04-11.06.19:197][  0]LogD3D11RHI:    1. 'Microsoft Basic Render Driver' (Feature Level 11_0)
[2017.09.04-11.06.19:197][  0]LogD3D11RHI:       0/0/4060 MB DedicatedVideo/DedicatedSystem/SharedSystem, Outputs:0, VendorId:0x1414
[2017.09.04-11.06.19:197][  0]LogD3D11RHI: Chosen D3D11 Adapter: 0
[2017.09.04-11.06.19:203][  0]LogD3D11RHI: Creating new Direct3DDevice
[2017.09.04-11.06.19:203][  0]LogD3D11RHI:     GPU DeviceId: 0x1b81 (for the marketing name, search the web for "GPU Device Id")
[2017.09.04-11.06.19:203][  0]LogWindows: EnumDisplayDevices:
[2017.09.04-11.06.19:203][  0]LogWindows:    0. 'NVIDIA GeForce GTX 1070' (P:1 D:1)
[2017.09.04-11.06.19:203][  0]LogWindows:    1. 'NVIDIA GeForce GTX 1070' (P:0 D:1)
[2017.09.04-11.06.19:203][  0]LogWindows:    2. 'NVIDIA GeForce GTX 1070' (P:0 D:0)
[2017.09.04-11.06.19:204][  0]LogWindows:    3. 'NVIDIA GeForce GTX 1070' (P:0 D:0)
[2017.09.04-11.06.19:204][  0]LogWindows: DebugString: FoundDriverCount:4 
[2017.09.04-11.06.19:204][  0]LogD3D11RHI:     Adapter Name: NVIDIA GeForce GTX 1070
[2017.09.04-11.06.19:204][  0]LogD3D11RHI:   Driver Version: 378.78 (internal:21.21.13.7878, unified:378.78)
[2017.09.04-11.06.19:204][  0]LogD3D11RHI:      Driver Date: 2-23-2017
[2017.09.04-11.06.19:204][  0]LogRHI: Texture pool is 1361 MB (70% of 1945 MB)
[2017.09.04-11.06.19:690][  0]LogD3D11RHI: Async texture creation enabled
[2017.09.04-11.06.19:718][  0]LogD3D11RHI: GPU Timing Frequency: 1000.000000 (Debug: 2 1)
[2017.09.04-11.06.19:815][  0]LogShaderCompilers: Guid format shader working directory is -3 characters bigger than the processId version (../../../../../Projet_Unreal/Projet/SideScroller/Intermediate/Shaders/WorkingDirectory/17344/).
[2017.09.04-11.06.19:815][  0]LogShaderCompilers: Cleaned the shader compiler working directory 'C:/Users/yvana/AppData/Local/Temp/UnrealShaderWorkingDir/5E1979704F2289A470271EA3470040DB/'.
[2017.09.04-11.06.19:815][  0]LogShaderCompilers: Display: Using Local Shader Compiler.
[2017.09.04-11.06.20:590][  0]LogTemp: Display: Loaded TP AllDesktopTargetPlatform
[2017.09.04-11.06.20:629][  0]LogTemp: Display: Loaded TP MacClientTargetPlatform
[2017.09.04-11.06.20:663][  0]LogTemp: Display: Loaded TP MacNoEditorTargetPlatform
[2017.09.04-11.06.20:699][  0]LogTemp: Display: Loaded TP MacServerTargetPlatform
[2017.09.04-11.06.20:735][  0]LogTemp: Display: Loaded TP MacTargetPlatform
[2017.09.04-11.06.20:771][  0]LogTemp: Display: Loaded TP WindowsClientTargetPlatform
[2017.09.04-11.06.20:808][  0]LogTemp: Display: Loaded TP WindowsNoEditorTargetPlatform
[2017.09.04-11.06.20:844][  0]LogTemp: Display: Loaded TP WindowsServerTargetPlatform
[2017.09.04-11.06.20:874][  0]LogTemp: Display: Loaded TP WindowsTargetPlatform
[2017.09.04-11.06.20:909][  0]LogTemp: Display: Loaded TP AndroidTargetPlatform
[2017.09.04-11.06.20:945][  0]LogTemp: Display: Loaded TP Android_ASTCTargetPlatform
[2017.09.04-11.06.20:981][  0]LogTemp: Display: Loaded TP Android_ATCTargetPlatform
[2017.09.04-11.06.21:016][  0]LogTemp: Display: Loaded TP Android_DXTTargetPlatform
[2017.09.04-11.06.21:051][  0]LogTemp: Display: Loaded TP Android_ETC1TargetPlatform
[2017.09.04-11.06.21:085][  0]LogTemp: Display: Loaded TP Android_ETC2TargetPlatform
[2017.09.04-11.06.21:164][  0]LogTemp: Display: Loaded TP Android_MultiTargetPlatform
[2017.09.04-11.06.21:164][  0]LogTemp: Display: Loaded TP Android_PVRTCTargetPlatform
[2017.09.04-11.06.21:190][  0]LogTemp: Display: Loaded TP HTML5TargetPlatform
[2017.09.04-11.06.21:258][  0]LogTemp: Display: Loaded TP IOSTargetPlatform
[2017.09.04-11.06.21:279][  0]LogTemp: Display: Loaded TP TVOSTargetPlatform
[2017.09.04-11.06.21:314][  0]LogTemp: Display: Loaded TP LinuxClientTargetPlatform
[2017.09.04-11.06.21:350][  0]LogTemp: Display: Loaded TP LinuxNoEditorTargetPlatform
[2017.09.04-11.06.21:386][  0]LogTemp: Display: Loaded TP LinuxServerTargetPlatform
[2017.09.04-11.06.21:422][  0]LogTemp: Display: Loaded TP LinuxTargetPlatform
[2017.09.04-11.06.21:422][  0]LogTargetPlatformManager: Display: Building Assets For Windows
[2017.09.04-11.06.21:738][  0]LogDerivedDataCache: Display: Max Cache Size: 512 MB
[2017.09.04-11.06.21:838][  0]LogDerivedDataCache: Loaded boot cache 0.10s 93MB C:/Users/yvana/AppData/Local/UnrealEngine/4.17/DerivedDataCache/Boot.ddc.
[2017.09.04-11.06.21:838][  0]LogDerivedDataCache: Display: Loaded Boot cache: C:/Users/yvana/AppData/Local/UnrealEngine/4.17/DerivedDataCache/Boot.ddc
[2017.09.04-11.06.21:838][  0]LogDerivedDataCache: FDerivedDataBackendGraph:  Pak pak cache file ../../../../../Projet_Unreal/Projet/SideScroller/DerivedDataCache/DDC.ddp not found, will not use a pak cache.
[2017.09.04-11.06.21:838][  0]LogDerivedDataCache: Unable to find inner node Pak for hierarchical cache Hierarchy.
[2017.09.04-11.06.21:838][  0]LogDerivedDataCache: FDerivedDataBackendGraph:  CompressedPak pak cache file ../../../../../Projet_Unreal/Projet/SideScroller/DerivedDataCache/Compressed.ddp not found, will not use a pak cache.
[2017.09.04-11.06.21:838][  0]LogDerivedDataCache: Unable to find inner node CompressedPak for hierarchical cache Hierarchy.
[2017.09.04-11.06.21:853][  0]LogDerivedDataCache: Display: Pak cache opened for reading ../../../Engine/DerivedDataCache/Compressed.ddp.
[2017.09.04-11.06.21:866][  0]LogDerivedDataCache: Using Local data cache path C:/Users/yvana/AppData/Local/UnrealEngine/Common/DerivedDataCache: Writable
[2017.09.04-11.06.21:875][  0]LogMaterial: Verifying Global Shaders for PCD3D_SM5
[2017.09.04-11.06.21:875][  0]LogSlate: Using Freetype 2.6.0
[2017.09.04-11.06.21:876][  0]LogSlate: SlateFontCache - WITH_FREETYPE: 1, WITH_HARFBUZZ: 1
[2017.09.04-11.06.21:876][  0]LogSlate: SlateFontCache - WITH_FREETYPE: 1, WITH_HARFBUZZ: 1
[2017.09.04-11.06.22:122][  0]LogAssetRegistry: FAssetRegistry took 0.0246 seconds to start up
[2017.09.04-11.06.22:215][  0]LogInit: Selected Device Profile: [Windows]
[2017.09.04-11.06.22:530][  0]LogSimplygon: Simplygon DLL not present - disabling.
[2017.09.04-11.06.22:556][  0]LogMeshReduction: Using SimplygonSwarm for distributed automatic mesh merging
[2017.09.04-11.06.22:556][  0]LogMeshReduction: Using QuadricMeshReduction for automatic static mesh reduction
[2017.09.04-11.06.22:556][  0]LogMeshReduction: No automatic skeletal mesh reduction module available
[2017.09.04-11.06.22:556][  0]LogMeshReduction: No automatic mesh merging module available
[2017.09.04-11.06.22:556][  0]LogMeshMerging: No automatic mesh merging module available
[2017.09.04-11.06.22:557][  0]LogContentStreaming: Texture pool size is 0.00 MB
[2017.09.04-11.06.22:972][  0]LogNetVersion: SideScroller , NetCL: 3573198, EngineNetVer: 2, GameNetVer: 0 (Checksum: 3860290342)
[2017.09.04-11.06.23:178][  0]LogPackageLocalizationCache: Processed 5 localized package path(s) for 1 prioritized culture(s) in 0.068549 seconds
[2017.09.04-11.06.23:184][  0]LogUObjectArray: 35825 objects as part of root set at end of initial load.
[2017.09.04-11.06.23:185][  0]LogUObjectAllocator: 7529104 out of 0 bytes used by permanent object pool.
[2017.09.04-11.06.23:185][  0]LogUObjectArray: CloseDisregardForGC: 0/0 objects in disregard for GC pool
[2017.09.04-11.06.23:224][  0]LogInit: WinSock: version 1.1 (2.2), MaxSocks=32767, MaxUdp=65467
[2017.09.04-11.06.25:531][  0]LogTcpMessaging: Initializing TcpMessaging bridge
[2017.09.04-11.06.25:567][  0]LogUdpMessaging: Initializing bridge on interface 0.0.0.0:0 to multicast group 230.0.0.1:6666.
[2017.09.04-11.06.26:086][  0]LogMaterial: Uniform references updated for custom material expression Custom.
[2017.09.04-11.06.26:405][  0]SourceControl: Source control is disabled
[2017.09.04-11.06.26:405][  0]SourceControl: Source control is disabled
[2017.09.04-11.06.26:439][  0]SourceControl: Source control is disabled
[2017.09.04-11.06.26:474][  0]SourceControl: Source control is disabled
[2017.09.04-11.06.26:892][  0]LogAndroidPermission: UAndroidPermissionCallbackProxy::GetInstance
[2017.09.04-11.06.27:074][  0]LogOcInput: OculusInput pre-init called
[2017.09.04-11.06.27:270][  0]LogEngine: Initializing Engine...
[2017.09.04-11.06.27:272][  0]LogHMD: Failed to initialize OpenVR with code 110
[2017.09.04-11.06.27:496][  0]LogStats: UGameplayTagsManager::ConstructGameplayTagTree: Construct from data asset -  0.000 s
[2017.09.04-11.06.27:496][  0]LogStats: UGameplayTagsManager::ConstructGameplayTagTree: GameplayTagTreeChangedEvent.Broadcast -  0.000 s
[2017.09.04-11.06.27:600][  0]LogAIModule: Creating AISystem for world Untitled
[2017.09.04-11.06.27:610][  0]LogInit: XAudio2 using 'Haut-parleurs (2- Logitech G430 Gaming Headset)' : 2 channels at 48 kHz using 16 bits per sample (channel mask 0x3)
[2017.09.04-11.06.27:621][  0]LogInit: FAudioDevice initialized.
[2017.09.04-11.06.27:752][  0]LogDerivedDataCache: Saved boot cache 0.13s 93MB C:/Users/yvana/AppData/Local/UnrealEngine/4.17/DerivedDataCache/Boot.ddc.
[2017.09.04-11.06.27:760][  0]LogInit: Texture streaming: Enabled
[2017.09.04-11.06.27:831][  0]LogEngineSessionManager: EngineSessionManager initialized
[2017.09.04-11.06.27:987][  0]LogInit: Transaction tracking system initialized
[2017.09.04-11.06.28:203][  0]BlueprintLog: New page: Editor Load
[2017.09.04-11.06.28:860][  0]LocalizationService: Localization service is disabled
[2017.09.04-11.06.29:347][  0]LogConsoleResponse: Display: 
[2017.09.04-11.06.29:496][  0]LogCook: Display: Max memory allowance for cook 16384mb min free memory 0mb
[2017.09.04-11.06.29:496][  0]LogCook: Display: Mobile HDR setting 1
[2017.09.04-11.06.29:496][  0]LogGameplayTags: Display: UGameplayTagsManager::DoneAddingNativeTags. DelegateIsBound: 0
[2017.09.04-11.06.30:250][  0]LogFileCache: Scanning file cache for directory 'D:/Projet_Unreal/Projet/SideScroller/Content/' took 0.01s
[2017.09.04-11.06.30:250][  0]SourceControl: Source control is disabled
[2017.09.04-11.06.30:251][  0]LogFactory: FactoryCreateFile: PackFactory with PackFactory (0 0 D:/Games/UE_4.17/FeaturePacks/StarterContent.upack)
[2017.09.04-11.06.30:259][  0]LogPackFactory: Finished extracting 8 files (including 0 errors).
[2017.09.04-11.06.30:285][  0]LogPackFactory: Copied "../../../Samples/StarterContent/Content/StarterContent/Architecture/Floor_400x400.uasset" to "../../../../../Projet_Unreal/Projet/SideScroller/Content/StarterContent/Architecture/Floor_400x400.uasset"
[2017.09.04-11.06.30:293][  0]LogPackFactory: Copied "../../../Samples/StarterContent/Content/StarterContent/Architecture/Pillar_50x500.uasset" to "../../../../../Projet_Unreal/Projet/SideScroller/Content/StarterContent/Architecture/Pillar_50x500.uasset"
[2017.09.04-11.06.30:297][  0]LogPackFactory: Copied "../../../Samples/StarterContent/Content/StarterContent/Architecture/SM_AssetPlatform.uasset" to "../../../../../Projet_Unreal/Projet/SideScroller/Content/StarterContent/Architecture/SM_AssetPlatform.uasset"
[2017.09.04-11.06.30:305][  0]LogPackFactory: Copied "../../../Samples/StarterContent/Content/StarterContent/Architecture/Wall_400x200.uasset" to "../../../../../Projet_Unreal/Projet/SideScroller/Content/StarterContent/Architecture/Wall_400x200.uasset"
[2017.09.04-11.06.30:306][  0]LogPackFactory: Copied "../../../Samples/StarterContent/Content/StarterContent/Architecture/Wall_400x300.uasset" to "../../../../../Projet_Unreal/Projet/SideScroller/Content/StarterContent/Architecture/Wall_400x300.uasset"
[2017.09.04-11.06.30:307][  0]LogPackFactory: Copied "../../../Samples/StarterContent/Content/StarterContent/Architecture/Wall_400x400.uasset" to "../../../../../Projet_Unreal/Projet/SideScroller/Content/StarterContent/Architecture/Wall_400x400.uasset"
[2017.09.04-11.06.30:309][  0]LogPackFactory: Copied "../../../Samples/StarterContent/Content/StarterContent/Architecture/Wall_500x500.uasset" to "../../../../../Projet_Unreal/Projet/SideScroller/Content/StarterContent/Architecture/Wall_500x500.uasset"
[2017.09.04-11.06.30:310][  0]LogPackFactory: Copied "../../../Samples/StarterContent/Content/StarterContent/Architecture/Wall_Door_400x300.uasset" to "../../../../../Projet_Unreal/Projet/SideScroller/Content/StarterContent/Architecture/Wall_Door_400x300.uasset"
[2017.09.04-11.06.30:312][  0]LogPackFactory: Copied "../../../Samples/StarterContent/Content/StarterContent/Architecture/Wall_Door_400x400.uasset" to "../../../../../Projet_Unreal/Projet/SideScroller/Content/StarterContent/Architecture/Wall_Door_400x400.uasset"
[2017.09.04-11.06.30:313][  0]LogPackFactory: Copied "../../../Samples/StarterContent/Content/StarterContent/Architecture/Wall_Window_400x300.uasset" to "../../../../../Projet_Unreal/Projet/SideScroller/Content/StarterContent/Architecture/Wall_Window_400x300.uasset"
[2017.09.04-11.06.30:314][  0]LogPackFactory: Copied "../../../Samples/StarterContent/Content/StarterContent/Architecture/Wall_Window_400x400.uasset" to "../../../../../Projet_Unreal/Projet/SideScroller/Content/StarterContent/Architecture/Wall_Window_400x400.uasset"
[2017.09.04-11.06.30:317][  0]LogPackFactory: Copied "../../../Samples/StarterContent/Content/StarterContent/Audio/Collapse01.uasset" to "../../../../../Projet_Unreal/Projet/SideScroller/Content/StarterContent/Audio/Collapse01.uasset"
[2017.09.04-11.06.30:319][  0]LogPackFactory: Copied "../../../Samples/StarterContent/Content/StarterContent/Audio/Collapse02.uasset" to "../../../../../Projet_Unreal/Projet/SideScroller/Content/StarterContent/Audio/Collapse02.uasset"
[2017.09.04-11.06.30:325][  0]LogPackFactory: Copied "../../../Samples/StarterContent/Content/StarterContent/Audio/Collapse_Cue.uasset" to "../../../../../Projet_Unreal/Projet/SideScroller/Content/StarterContent/Audio/Collapse_Cue.uasset"
[2017.09.04-11.06.30:327][  0]LogPackFactory: Copied "../../../Samples/StarterContent/Content/StarterContent/Audio/Explosion01.uasset" to "../../../../../Projet_Unreal/Projet/SideScroller/Content/StarterContent/Audio/Explosion01.uasset"
[2017.09.04-11.06.30:329][  0]LogPackFactory: Copied "../../../Samples/StarterContent/Content/StarterContent/Audio/Explosion02.uasset" to "../../../../../Projet_Unreal/Projet/SideScroller/Content/StarterContent/Audio/Explosion02.uasset"
[2017.09.04-11.06.30:336][  0]LogPackFactory: Copied "../../../Samples/StarterContent/Content/StarterContent/Audio/Explosion_Cue.uasset" to "../../../../../Projet_Unreal/Projet/SideScroller/Content/StarterContent/Audio/Explosion_Cue.uasset"
[2017.09.04-11.06.30:347][  0]LogPackFactory: Copied "../../../Samples/StarterContent/Content/StarterContent/Audio/Fire01.uasset" to "../../../../../Projet_Unreal/Projet/SideScroller/Content/StarterContent/Audio/Fire01.uasset"
[2017.09.04-11.06.30:348][  0]LogPackFactory: Copied "../../../Samples/StarterContent/Content/StarterContent/Audio/Fire01_Cue.uasset" to "../../../../../Projet_Unreal/Projet/SideScroller/Content/StarterContent/Audio/Fire01_Cue.uasset"
[2017.09.04-11.06.30:359][  0]LogPackFactory: Copied "../../../Samples/StarterContent/Content/StarterContent/Audio/Fire_Sparks01.uasset" to "../../../../../Projet_Unreal/Projet/SideScroller/Content/StarterContent/Audio/Fire_Sparks01.uasset"
[2017.09.04-11.06.30:371][  0]LogPackFactory: Copied "../../../Samples/StarterContent/Content/StarterContent/Audio/Fire_Sparks01_Cue.uasset" to "../../../../../Projet_Unreal/Projet/SideScroller/Content/StarterContent/Audio/Fire_Sparks01_Cue.uasset"
[2017.09.04-11.06.30:378][  0]LogPackFactory: Copied "../../../Samples/StarterContent/Content/StarterContent/Audio/Light01.uasset" to "../../../../../Projet_Unreal/Projet/SideScroller/Content/StarterContent/Audio/Light01.uasset"
[2017.09.04-11.06.30:379][  0]LogPackFactory: Copied "../../../Samples/StarterContent/Content/StarterContent/Audio/Light01_Cue.uasset" to "../../../../../Projet_Unreal/Projet/SideScroller/Content/StarterContent/Audio/Light01_Cue.uasset"
[2017.09.04-11.06.30:382][  0]LogPackFactory: Copied "../../../Samples/StarterContent/Content/StarterContent/Audio/Light02.uasset" to "../../../../../Projet_Unreal/Projet/SideScroller/Content/StarterContent/Audio/Light02.uasset"
[2017.09.04-11.06.30:416][  0]LogPackFactory: Copied "../../../Samples/StarterContent/Content/StarterContent/Audio/Light02_Cue.uasset" to "../../../../../Projet_Unreal/Projet/SideScroller/Content/StarterContent/Audio/Light02_Cue.uasset"
[2017.09.04-11.06.30:444][  0]LogPackFactory: Copied "../../../Samples/StarterContent/Content/StarterContent/Audio/Smoke01.uasset" to "../../../../../Projet_Unreal/Projet/SideScroller/Content/StarterContent/Audio/Smoke01.uasset"
[2017.09.04-11.06.30:446][  0]LogPackFactory: Copied "../../../Samples/StarterContent/Content/StarterContent/Audio/Smoke01_Cue.uasset" to "../../../../../Projet_Unreal/Projet/SideScroller/Content/StarterContent/Audio/Smoke01_Cue.uasset"
[2017.09.04-11.06.30:452][  0]LogPackFactory: Copied "../../../Samples/StarterContent/Content/StarterContent/Audio/Starter_Background_Cue.uasset" to "../../../../../Projet_Unreal/Projet/SideScroller/Content/StarterContent/Audio/Starter_Background_Cue.uasset"
[2017.09.04-11.06.30:480][  0]LogPackFactory: Copied "../../../Samples/StarterContent/Content/StarterContent/Audio/Starter_Birds01.uasset" to "../../../../../Projet_Unreal/Projet/SideScroller/Content/StarterContent/Audio/Starter_Birds01.uasset"
[2017.09.04-11.06.30:549][  0]LogPackFactory: Copied "../../../Samples/StarterContent/Content/StarterContent/Audio/Starter_Music01.uasset" to "../../../../../Projet_Unreal/Projet/SideScroller/Content/StarterContent/Audio/Starter_Music01.uasset"
[2017.09.04-11.06.30:574][  0]LogPackFactory: Copied "../../../Samples/StarterContent/Content/StarterContent/Audio/Starter_Music_Cue.uasset" to "../../../../../Projet_Unreal/Projet/SideScroller/Content/StarterContent/Audio/Starter_Music_Cue.uasset"
[2017.09.04-11.06.30:610][  0]LogPackFactory: Copied "../../../Samples/StarterContent/Content/StarterContent/Audio/Starter_Wind05.uasset" to "../../../../../Projet_Unreal/Projet/SideScroller/Content/StarterContent/Audio/Starter_Wind05.uasset"
[2017.09.04-11.06.30:633][  0]LogPackFactory: Copied "../../../Samples/StarterContent/Content/StarterContent/Audio/Starter_Wind06.uasset" to "../../../../../Projet_Unreal/Projet/SideScroller/Content/StarterContent/Audio/Starter_Wind06.uasset"
[2017.09.04-11.06.30:641][  0]LogPackFactory: Copied "../../../Samples/StarterContent/Content/StarterContent/Audio/Steam01.uasset" to "../../../../../Projet_Unreal/Projet/SideScroller/Content/StarterContent/Audio/Steam01.uasset"
[2017.09.04-11.06.30:651][  0]LogPackFactory: Copied "../../../Samples/StarterContent/Content/StarterContent/Audio/Steam01_Cue.uasset" to "../../../../../Projet_Unreal/Projet/SideScroller/Content/StarterContent/Audio/Steam01_Cue.uasset"
[2017.09.04-11.06.30:663][  0]LogPackFactory: Copied "../../../Samples/StarterContent/Content/StarterContent/Blueprints/Blueprint_CeilingLight.uasset" to "../../../../../Projet_Unreal/Projet/SideScroller/Content/StarterContent/Blueprints/Blueprint_CeilingLight.uasset"
[2017.09.04-11.06.30:667][  0]LogPackFactory: Copied "../../../Samples/StarterContent/Content/StarterContent/Blueprints/Blueprint_Effect_Explosion.uasset" to "../../../../../Projet_Unreal/Projet/SideScroller/Content/StarterContent/Blueprints/Blueprint_Effect_Explosion.uasset"
[2017.09.04-11.06.30:669][  0]LogPackFactory: Copied "../../../Samples/StarterContent/Content/StarterContent/Blueprints/Blueprint_Effect_Fire.uasset" to "../../../../../Projet_Unreal/Projet/SideScroller/Content/StarterContent/Blueprints/Blueprint_Effect_Fire.uasset"
[2017.09.04-11.06.30:670][  0]LogPackFactory: Copied "../../../Samples/StarterContent/Content/StarterContent/Blueprints/Blueprint_Effect_Smoke.uasset" to "../../../../../Projet_Unreal/Projet/SideScroller/Content/StarterContent/Blueprints/Blueprint_Effect_Smoke.uasset"
[2017.09.04-11.06.30:672][  0]LogPackFactory: Copied "../../../Samples/StarterContent/Content/StarterContent/Blueprints/Blueprint_Effect_Sparks.uasset" to "../../../../../Projet_Unreal/Projet/SideScroller/Content/StarterContent/Blueprints/Blueprint_Effect_Sparks.uasset"
[2017.09.04-11.06.30:673][  0]LogPackFactory: Copied "../../../Samples/StarterContent/Content/StarterContent/Blueprints/Blueprint_Effect_Steam.uasset" to "../../../../../Projet_Unreal/Projet/SideScroller/Content/StarterContent/Blueprints/Blueprint_Effect_Steam.uasset"
[2017.09.04-11.06.30:675][  0]LogPackFactory: Copied "../../../Samples/StarterContent/Content/StarterContent/Blueprints/Blueprint_WallSconce.uasset" to "../../../../../Projet_Unreal/Projet/SideScroller/Content/StarterContent/Blueprints/Blueprint_WallSconce.uasset"
[2017.09.04-11.06.30:683][  0]LogPackFactory: Copied "../../../Samples/StarterContent/Content/StarterContent/Blueprints/BP_LightStudio.uasset" to "../../../../../Projet_Unreal/Projet/SideScroller/Content/StarterContent/Blueprints/BP_LightStudio.uasset"
[2017.09.04-11.06.30:694][  0]LogPackFactory: Copied "../../../Samples/StarterContent/Content/StarterContent/Blueprints/Assets/FogBrightnessLUT.uasset" to "../../../../../Projet_Unreal/Projet/SideScroller/Content/StarterContent/Blueprints/Assets/FogBrightnessLUT.uasset"
[2017.09.04-11.06.30:705][  0]LogPackFactory: Copied "../../../Samples/StarterContent/Content/StarterContent/Blueprints/Assets/M_LightStage_Arrows.uasset" to "../../../../../Projet_Unreal/Projet/SideScroller/Content/StarterContent/Blueprints/Assets/M_LightStage_Arrows.uasset"
[2017.09.04-11.06.30:706][  0]LogPackFactory: Copied "../../../Samples/StarterContent/Content/StarterContent/Blueprints/Assets/M_LightStage_Skybox_Black.uasset" to "../../../../../Projet_Unreal/Projet/SideScroller/Content/StarterContent/Blueprints/Assets/M_LightStage_Skybox_Black.uasset"
[2017.09.04-11.06.30:708][  0]LogPackFactory: Copied "../../../Samples/StarterContent/Content/StarterContent/Blueprints/Assets/M_LightStage_Skybox_HDRI.uasset" to "../../../../../Projet_Unreal/Projet/SideScroller/Content/StarterContent/Blueprints/Assets/M_LightStage_Skybox_HDRI.uasset"
[2017.09.04-11.06.30:710][  0]LogPackFactory: Copied "../../../Samples/StarterContent/Content/StarterContent/Blueprints/Assets/M_LightStage_Skybox_Master.uasset" to "../../../../../Projet_Unreal/Projet/SideScroller/Content/StarterContent/Blueprints/Assets/M_LightStage_Skybox_Master.uasset"
[2017.09.04-11.06.30:714][  0]LogPackFactory: Copied "../../../Samples/StarterContent/Content/StarterContent/Blueprints/Assets/Skybox.uasset" to "../../../../../Projet_Unreal/Projet/SideScroller/Content/StarterContent/Blueprints/Assets/Skybox.uasset"
[2017.09.04-11.06.30:735][  0]LogPackFactory: Copied "../../../Samples/StarterContent/Content/StarterContent/Blueprints/Assets/SM_Arrows.uasset" to "../../../../../Projet_Unreal/Projet/SideScroller/Content/StarterContent/Blueprints/Assets/SM_Arrows.uasset"
[2017.09.04-11.06.30:737][  0]LogPackFactory: Copied "../../../Samples/StarterContent/Content/StarterContent/Blueprints/Assets/SunlightColorLUT.uasset" to "../../../../../Projet_Unreal/Projet/SideScroller/Content/StarterContent/Blueprints/Assets/SunlightColorLUT.uasset"
[2017.09.04-11.06.31:330][  0]LogPackFactory: Copied "../../../Samples/StarterContent/Content/StarterContent/HDRI/HDRI_Epic_Courtyard_Daylight.uasset" to "../../../../../Projet_Unreal/Projet/SideScroller/Content/StarterContent/HDRI/HDRI_Epic_Courtyard_Daylight.uasset"
[2017.09.04-11.06.31:384][  0]LogPackFactory: Copied "../../../Samples/StarterContent/Content/StarterContent/Maps/Advanced_Lighting.umap" to "../../../../../Projet_Unreal/Projet/SideScroller/Content/StarterContent/Maps/Advanced_Lighting.umap"
[2017.09.04-11.06.31:397][  0]LogPackFactory: Copied "../../../Samples/StarterContent/Content/StarterContent/Maps/Advanced_Lighting_BuiltData.uasset" to "../../../../../Projet_Unreal/Projet/SideScroller/Content/StarterContent/Maps/Advanced_Lighting_BuiltData.uasset"
[2017.09.04-11.06.31:417][  0]LogPackFactory: Copied "../../../Samples/StarterContent/Content/StarterContent/Maps/Minimal_Default.umap" to "../../../../../Projet_Unreal/Projet/SideScroller/Content/StarterContent/Maps/Minimal_Default.umap"
[2017.09.04-11.06.31:437][  0]LogPackFactory: Copied "../../../Samples/StarterContent/Content/StarterContent/Maps/Minimal_Default_BuiltData.uasset" to "../../../../../Projet_Unreal/Projet/SideScroller/Content/StarterContent/Maps/Minimal_Default_BuiltData.uasset"
[2017.09.04-11.06.31:503][  0]LogPackFactory: Copied "../../../Samples/StarterContent/Content/StarterContent/Maps/StarterMap.umap" to "../../../../../Projet_Unreal/Projet/SideScroller/Content/StarterContent/Maps/StarterMap.umap"
[2017.09.04-11.06.31:648][  0]LogPackFactory: Copied "../../../Samples/StarterContent/Content/StarterContent/Maps/StarterMap_BuiltData.uasset" to "../../../../../Projet_Unreal/Projet/SideScroller/Content/StarterContent/Maps/StarterMap_BuiltData.uasset"
[2017.09.04-11.06.31:695][  0]LogPackFactory: Copied "../../../Samples/StarterContent/Content/StarterContent/Materials/M_AssetPlatform.uasset" to "../../../../../Projet_Unreal/Projet/SideScroller/Content/StarterContent/Materials/M_AssetPlatform.uasset"
[2017.09.04-11.06.31:704][  0]LogPackFactory: Copied "../../../Samples/StarterContent/Content/StarterContent/Materials/M_Basic_Floor.uasset" to "../../../../../Projet_Unreal/Projet/SideScroller/Content/StarterContent/Materials/M_Basic_Floor.uasset"
[2017.09.04-11.06.31:706][  0]LogPackFactory: Copied "../../../Samples/StarterContent/Content/StarterContent/Materials/M_Basic_Wall.uasset" to "../../../../../Projet_Unreal/Projet/SideScroller/Content/StarterContent/Materials/M_Basic_Wall.uasset"
[2017.09.04-11.06.31:713][  0]LogPackFactory: Copied "../../../Samples/StarterContent/Content/StarterContent/Materials/M_Brick_Clay_Beveled.uasset" to "../../../../../Projet_Unreal/Projet/SideScroller/Content/StarterContent/Materials/M_Brick_Clay_Beveled.uasset"
[2017.09.04-11.06.31:734][  0]LogPackFactory: Copied "../../../Samples/StarterContent/Content/StarterContent/Materials/M_Brick_Clay_New.uasset" to "../../../../../Projet_Unreal/Projet/SideScroller/Content/StarterContent/Materials/M_Brick_Clay_New.uasset"
[2017.09.04-11.06.31:744][  0]LogPackFactory: Copied "../../../Samples/StarterContent/Content/StarterContent/Materials/M_Brick_Clay_Old.uasset" to "../../../../../Projet_Unreal/Projet/SideScroller/Content/StarterContent/Materials/M_Brick_Clay_Old.uasset"
[2017.09.04-11.06.31:757][  0]LogPackFactory: Copied "../../../Samples/StarterContent/Content/StarterContent/Materials/M_Brick_Cut_Stone.uasset" to "../../../../../Projet_Unreal/Projet/SideScroller/Content/StarterContent/Materials/M_Brick_Cut_Stone.uasset"
[2017.09.04-11.06.31:759][  0]LogPackFactory: Copied "../../../Samples/StarterContent/Content/StarterContent/Materials/M_Brick_Hewn_Stone.uasset" to "../../../../../Projet_Unreal/Projet/SideScroller/Content/StarterContent/Materials/M_Brick_Hewn_Stone.uasset"
[2017.09.04-11.06.31:766][  0]LogPackFactory: Copied "../../../Samples/StarterContent/Content/StarterContent/Materials/M_Ceramic_Tile_Checker.uasset" to "../../../../../Projet_Unreal/Projet/SideScroller/Content/StarterContent/Materials/M_Ceramic_Tile_Checker.uasset"
[2017.09.04-11.06.31:768][  0]LogPackFactory: Copied "../../../Samples/StarterContent/Content/StarterContent/Materials/M_CobbleStone_Pebble.uasset" to "../../../../../Projet_Unreal/Projet/SideScroller/Content/StarterContent/Materials/M_CobbleStone_Pebble.uasset"
[2017.09.04-11.06.31:786][  0]LogPackFactory: Copied "../../../Samples/StarterContent/Content/StarterContent/Materials/M_CobbleStone_Rough.uasset" to "../../../../../Projet_Unreal/Projet/SideScroller/Content/StarterContent/Materials/M_CobbleStone_Rough.uasset"
[2017.09.04-11.06.31:791][  0]LogPackFactory: Copied "../../../Samples/StarterContent/Content/StarterContent/Materials/M_CobbleStone_Smooth.uasset" to "../../../../../Projet_Unreal/Projet/SideScroller/Content/StarterContent/Materials/M_CobbleStone_Smooth.uasset"
[2017.09.04-11.06.31:793][  0]LogPackFactory: Copied "../../../Samples/StarterContent/Content/StarterContent/Materials/M_ColorGrid_LowSpec.uasset" to "../../../../../Projet_Unreal/Projet/SideScroller/Content/StarterContent/Materials/M_ColorGrid_LowSpec.uasset"
[2017.09.04-11.06.31:803][  0]LogPackFactory: Copied "../../../Samples/StarterContent/Content/StarterContent/Materials/M_Concrete_Grime.uasset" to "../../../../../Projet_Unreal/Projet/SideScroller/Content/StarterContent/Materials/M_Concrete_Grime.uasset"
[2017.09.04-11.06.31:805][  0]LogPackFactory: Copied "../../../Samples/StarterContent/Content/StarterContent/Materials/M_Concrete_Panels.uasset" to "../../../../../Projet_Unreal/Projet/SideScroller/Content/StarterContent/Materials/M_Concrete_Panels.uasset"
[2017.09.04-11.06.31:807][  0]LogPackFactory: Copied "../../../Samples/StarterContent/Content/StarterContent/Materials/M_Concrete_Poured.uasset" to "../../../../../Projet_Unreal/Projet/SideScroller/Content/StarterContent/Materials/M_Concrete_Poured.uasset"
[2017.09.04-11.06.31:816][  0]LogPackFactory: Copied "../../../Samples/StarterContent/Content/StarterContent/Materials/M_Concrete_Tiles.uasset" to "../../../../../Projet_Unreal/Projet/SideScroller/Content/StarterContent/Materials/M_Concrete_Tiles.uasset"
[2017.09.04-11.06.31:818][  0]LogPackFactory: Copied "../../../Samples/StarterContent/Content/StarterContent/Materials/M_Glass.uasset" to "../../../../../Projet_Unreal/Projet/SideScroller/Content/StarterContent/Materials/M_Glass.uasset"
[2017.09.04-11.06.31:820][  0]LogPackFactory: Copied "../../../Samples/StarterContent/Content/StarterContent/Materials/M_Ground_Grass.uasset" to "../../../../../Projet_Unreal/Projet/SideScroller/Content/StarterContent/Materials/M_Ground_Grass.uasset"
[2017.09.04-11.06.31:822][  0]LogPackFactory: Copied "../../../Samples/StarterContent/Content/StarterContent/Materials/M_Ground_Gravel.uasset" to "../../../../../Projet_Unreal/Projet/SideScroller/Content/StarterContent/Materials/M_Ground_Gravel.uasset"
[2017.09.04-11.06.31:834][  0]LogPackFactory: Copied "../../../Samples/StarterContent/Content/StarterContent/Materials/M_Ground_Moss.uasset" to "../../../../../Projet_Unreal/Projet/SideScroller/Content/StarterContent/Materials/M_Ground_Moss.uasset"
[2017.09.04-11.06.31:861][  0]LogPackFactory: Copied "../../../Samples/StarterContent/Content/StarterContent/Materials/M_Metal_Brushed_Nickel.uasset" to "../../../../../Projet_Unreal/Projet/SideScroller/Content/StarterContent/Materials/M_Metal_Brushed_Nickel.uasset"
[2017.09.04-11.06.31:864][  0]LogPackFactory: Copied "../../../Samples/StarterContent/Content/StarterContent/Materials/M_Metal_Burnished_Steel.uasset" to "../../../../../Projet_Unreal/Projet/SideScroller/Content/StarterContent/Materials/M_Metal_Burnished_Steel.uasset"
[2017.09.04-11.06.31:882][  0]LogPackFactory: Copied "../../../Samples/StarterContent/Content/StarterContent/Materials/M_Metal_Chrome.uasset" to "../../../../../Projet_Unreal/Projet/SideScroller/Content/StarterContent/Materials/M_Metal_Chrome.uasset"
[2017.09.04-11.06.31:884][  0]LogPackFactory: Copied "../../../Samples/StarterContent/Content/StarterContent/Materials/M_Metal_Copper.uasset" to "../../../../../Projet_Unreal/Projet/SideScroller/Content/StarterContent/Materials/M_Metal_Copper.uasset"
[2017.09.04-11.06.31:886][  0]LogPackFactory: Copied "../../../Samples/StarterContent/Content/StarterContent/Materials/M_Metal_Gold.uasset" to "../../../../../Projet_Unreal/Projet/SideScroller/Content/StarterContent/Materials/M_Metal_Gold.uasset"
[2017.09.04-11.06.31:888][  0]LogPackFactory: Copied "../../../Samples/StarterContent/Content/StarterContent/Materials/M_Metal_Rust.uasset" to "../../../../../Projet_Unreal/Projet/SideScroller/Content/StarterContent/Materials/M_Metal_Rust.uasset"
[2017.09.04-11.06.31:898][  0]LogPackFactory: Copied "../../../Samples/StarterContent/Content/StarterContent/Materials/M_Metal_Steel.uasset" to "../../../../../Projet_Unreal/Projet/SideScroller/Content/StarterContent/Materials/M_Metal_Steel.uasset"
[2017.09.04-11.06.31:900][  0]LogPackFactory: Copied "../../../Samples/StarterContent/Content/StarterContent/Materials/M_Rock_Basalt.uasset" to "../../../../../Projet_Unreal/Projet/SideScroller/Content/StarterContent/Materials/M_Rock_Basalt.uasset"
[2017.09.04-11.06.31:902][  0]LogPackFactory: Copied "../../../Samples/StarterContent/Content/StarterContent/Materials/M_Rock_Marble_Polished.uasset" to "../../../../../Projet_Unreal/Projet/SideScroller/Content/StarterContent/Materials/M_Rock_Marble_Polished.uasset"
[2017.09.04-11.06.31:910][  0]LogPackFactory: Copied "../../../Samples/StarterContent/Content/StarterContent/Materials/M_Rock_Sandstone.uasset" to "../../../../../Projet_Unreal/Projet/SideScroller/Content/StarterContent/Materials/M_Rock_Sandstone.uasset"
[2017.09.04-11.06.31:912][  0]LogPackFactory: Copied "../../../Samples/StarterContent/Content/StarterContent/Materials/M_Rock_Slate.uasset" to "../../../../../Projet_Unreal/Projet/SideScroller/Content/StarterContent/Materials/M_Rock_Slate.uasset"
[2017.09.04-11.06.31:914][  0]LogPackFactory: Copied "../../../Samples/StarterContent/Content/StarterContent/Materials/M_Tech_Checker_Dot.uasset" to "../../../../../Projet_Unreal/Projet/SideScroller/Content/StarterContent/Materials/M_Tech_Checker_Dot.uasset"
[2017.09.04-11.06.31:916][  0]LogPackFactory: Copied "../../../Samples/StarterContent/Content/StarterContent/Materials/M_Tech_Hex_Tile.uasset" to "../../../../../Projet_Unreal/Projet/SideScroller/Content/StarterContent/Materials/M_Tech_Hex_Tile.uasset"
[2017.09.04-11.06.31:917][  0]LogPackFactory: Copied "../../../Samples/StarterContent/Content/StarterContent/Materials/M_Tech_Hex_Tile_Pulse.uasset" to "../../../../../Projet_Unreal/Projet/SideScroller/Content/StarterContent/Materials/M_Tech_Hex_Tile_Pulse.uasset"
[2017.09.04-11.06.31:919][  0]LogPackFactory: Copied "../../../Samples/StarterContent/Content/StarterContent/Materials/M_Tech_Panel.uasset" to "../../../../../Projet_Unreal/Projet/SideScroller/Content/StarterContent/Materials/M_Tech_Panel.uasset"
[2017.09.04-11.06.31:920][  0]LogPackFactory: Copied "../../../Samples/StarterContent/Content/StarterContent/Materials/M_Water_Lake.uasset" to "../../../../../Projet_Unreal/Projet/SideScroller/Content/StarterContent/Materials/M_Water_Lake.uasset"
[2017.09.04-11.06.31:926][  0]LogPackFactory: Copied "../../../Samples/StarterContent/Content/StarterContent/Materials/M_Water_Ocean.uasset" to "../../../../../Projet_Unreal/Projet/SideScroller/Content/StarterContent/Materials/M_Water_Ocean.uasset"
[2017.09.04-11.06.31:934][  0]LogPackFactory: Copied "../../../Samples/StarterContent/Content/StarterContent/Materials/M_Wood_Floor_Walnut_Polished.uasset" to "../../../../../Projet_Unreal/Projet/SideScroller/Content/StarterContent/Materials/M_Wood_Floor_Walnut_Polished.uasset"
[2017.09.04-11.06.31:938][  0]LogPackFactory: Copied "../../../Samples/StarterContent/Content/StarterContent/Materials/M_Wood_Floor_Walnut_Worn.uasset" to "../../../../../Projet_Unreal/Projet/SideScroller/Content/StarterContent/Materials/M_Wood_Floor_Walnut_Worn.uasset"
[2017.09.04-11.06.31:945][  0]LogPackFactory: Copied "../../../Samples/StarterContent/Content/StarterContent/Materials/M_Wood_Oak.uasset" to "../../../../../Projet_Unreal/Projet/SideScroller/Content/StarterContent/Materials/M_Wood_Oak.uasset"
[2017.09.04-11.06.31:947][  0]LogPackFactory: Copied "../../../Samples/StarterContent/Content/StarterContent/Materials/M_Wood_Pine.uasset" to "../../../../../Projet_Unreal/Projet/SideScroller/Content/StarterContent/Materials/M_Wood_Pine.uasset"
[2017.09.04-11.06.31:949][  0]LogPackFactory: Copied "../../../Samples/StarterContent/Content/StarterContent/Materials/M_Wood_Walnut.uasset" to "../../../../../Projet_Unreal/Projet/SideScroller/Content/StarterContent/Materials/M_Wood_Walnut.uasset"
[2017.09.04-11.06.31:951][  0]LogPackFactory: Copied "../../../Samples/StarterContent/Content/StarterContent/Particles/P_Ambient_Dust.uasset" to "../../../../../Projet_Unreal/Projet/SideScroller/Content/StarterContent/Particles/P_Ambient_Dust.uasset"
[2017.09.04-11.06.31:958][  0]LogPackFactory: Copied "../../../Samples/StarterContent/Content/StarterContent/Particles/P_Explosion.uasset" to "../../../../../Projet_Unreal/Projet/SideScroller/Content/StarterContent/Particles/P_Explosion.uasset"
[2017.09.04-11.06.31:960][  0]LogPackFactory: Copied "../../../Samples/StarterContent/Content/StarterContent/Particles/P_Fire.uasset" to "../../../../../Projet_Unreal/Projet/SideScroller/Content/StarterContent/Particles/P_Fire.uasset"
[2017.09.04-11.06.31:962][  0]LogPackFactory: Copied "../../../Samples/StarterContent/Content/StarterContent/Particles/P_Smoke.uasset" to "../../../../../Projet_Unreal/Projet/SideScroller/Content/StarterContent/Particles/P_Smoke.uasset"
[2017.09.04-11.06.31:964][  0]LogPackFactory: Copied "../../../Samples/StarterContent/Content/StarterContent/Particles/P_Sparks.uasset" to "../../../../../Projet_Unreal/Projet/SideScroller/Content/StarterContent/Particles/P_Sparks.uasset"
[2017.09.04-11.06.31:966][  0]LogPackFactory: Copied "../../../Samples/StarterContent/Content/StarterContent/Particles/P_Steam_Lit.uasset" to "../../../../../Projet_Unreal/Projet/SideScroller/Content/StarterContent/Particles/P_Steam_Lit.uasset"
[2017.09.04-11.06.31:967][  0]LogPackFactory: Copied "../../../Samples/StarterContent/Content/StarterContent/Particles/Materials/M_Burst.uasset" to "../../../../../Projet_Unreal/Projet/SideScroller/Content/StarterContent/Particles/Materials/M_Burst.uasset"
[2017.09.04-11.06.31:969][  0]LogPackFactory: Copied "../../../Samples/StarterContent/Content/StarterContent/Particles/Materials/M_Dust_Particle.uasset" to "../../../../../Projet_Unreal/Projet/SideScroller/Content/StarterContent/Particles/Materials/M_Dust_Particle.uasset"
[2017.09.04-11.06.31:970][  0]LogPackFactory: Copied "../../../Samples/StarterContent/Content/StarterContent/Particles/Materials/M_explosion_subUV.uasset" to "../../../../../Projet_Unreal/Projet/SideScroller/Content/StarterContent/Particles/Materials/M_explosion_subUV.uasset"
[2017.09.04-11.06.31:972][  0]LogPackFactory: Copied "../../../Samples/StarterContent/Content/StarterContent/Particles/Materials/M_Fire_SubUV.uasset" to "../../../../../Projet_Unreal/Projet/SideScroller/Content/StarterContent/Particles/Materials/M_Fire_SubUV.uasset"
[2017.09.04-11.06.31:973][  0]LogPackFactory: Copied "../../../Samples/StarterContent/Content/StarterContent/Particles/Materials/m_flare_01.uasset" to "../../../../../Projet_Unreal/Projet/SideScroller/Content/StarterContent/Particles/Materials/m_flare_01.uasset"
[2017.09.04-11.06.31:975][  0]LogPackFactory: Copied "../../../Samples/StarterContent/Content/StarterContent/Particles/Materials/M_Heat_Distortion.uasset" to "../../../../../Projet_Unreal/Projet/SideScroller/Content/StarterContent/Particles/Materials/M_Heat_Distortion.uasset"
[2017.09.04-11.06.31:976][  0]LogPackFactory: Copied "../../../Samples/StarterContent/Content/StarterContent/Particles/Materials/M_Radial_Gradient.uasset" to "../../../../../Projet_Unreal/Projet/SideScroller/Content/StarterContent/Particles/Materials/M_Radial_Gradient.uasset"
[2017.09.04-11.06.31:980][  0]LogPackFactory: Copied "../../../Samples/StarterContent/Content/StarterContent/Particles/Materials/M_radial_ramp.uasset" to "../../../../../Projet_Unreal/Projet/SideScroller/Content/StarterContent/Particles/Materials/M_radial_ramp.uasset"
[2017.09.04-11.06.31:997][  0]LogPackFactory: Copied "../../../Samples/StarterContent/Content/StarterContent/Particles/Materials/M_smoke_subUV.uasset" to "../../../../../Projet_Unreal/Projet/SideScroller/Content/StarterContent/Particles/Materials/M_smoke_subUV.uasset"
[2017.09.04-11.06.32:022][  0]LogPackFactory: Copied "../../../Samples/StarterContent/Content/StarterContent/Particles/Materials/M_Spark.uasset" to "../../../../../Projet_Unreal/Projet/SideScroller/Content/StarterContent/Particles/Materials/M_Spark.uasset"
[2017.09.04-11.06.32:045][  0]LogPackFactory: Copied "../../../Samples/StarterContent/Content/StarterContent/Props/MaterialSphere.uasset" to "../../../../../Projet_Unreal/Projet/SideScroller/Content/StarterContent/Props/MaterialSphere.uasset"
[2017.09.04-11.06.32:047][  0]LogPackFactory: Copied "../../../Samples/StarterContent/Content/StarterContent/Props/SM_Bush.uasset" to "../../../../../Projet_Unreal/Projet/SideScroller/Content/StarterContent/Props/SM_Bush.uasset"
[2017.09.04-11.06.32:049][  0]LogPackFactory: Copied "../../../Samples/StarterContent/Content/StarterContent/Props/SM_Chair.uasset" to "../../../../../Projet_Unreal/Projet/SideScroller/Content/StarterContent/Props/SM_Chair.uasset"
[2017.09.04-11.06.32:050][  0]LogPackFactory: Copied "../../../Samples/StarterContent/Content/StarterContent/Props/SM_CornerFrame.uasset" to "../../../../../Projet_Unreal/Projet/SideScroller/Content/StarterContent/Props/SM_CornerFrame.uasset"
[2017.09.04-11.06.32:058][  0]LogPackFactory: Copied "../../../Samples/StarterContent/Content/StarterContent/Props/SM_Couch.uasset" to "../../../../../Projet_Unreal/Projet/SideScroller/Content/StarterContent/Props/SM_Couch.uasset"
[2017.09.04-11.06.32:061][  0]LogPackFactory: Copied "../../../Samples/StarterContent/Content/StarterContent/Props/SM_Door.uasset" to "../../../../../Projet_Unreal/Projet/SideScroller/Content/StarterContent/Props/SM_Door.uasset"
[2017.09.04-11.06.32:063][  0]LogPackFactory: Copied "../../../Samples/StarterContent/Content/StarterContent/Props/SM_DoorFrame.uasset" to "../../../../../Projet_Unreal/Projet/SideScroller/Content/StarterContent/Props/SM_DoorFrame.uasset"
[2017.09.04-11.06.32:069][  0]LogPackFactory: Copied "../../../Samples/StarterContent/Content/StarterContent/Props/SM_GlassWindow.uasset" to "../../../../../Projet_Unreal/Projet/SideScroller/Content/StarterContent/Props/SM_GlassWindow.uasset"
[2017.09.04-11.06.32:072][  0]LogPackFactory: Copied "../../../Samples/StarterContent/Content/StarterContent/Props/SM_Lamp_Ceiling.uasset" to "../../../../../Projet_Unreal/Projet/SideScroller/Content/StarterContent/Props/SM_Lamp_Ceiling.uasset"
[2017.09.04-11.06.32:074][  0]LogPackFactory: Copied "../../../Samples/StarterContent/Content/StarterContent/Props/SM_Lamp_Wall.uasset" to "../../../../../Projet_Unreal/Projet/SideScroller/Content/StarterContent/Props/SM_Lamp_Wall.uasset"
[2017.09.04-11.06.32:100][  0]LogPackFactory: Copied "../../../Samples/StarterContent/Content/StarterContent/Props/SM_MatPreviewMesh_02.uasset" to "../../../../../Projet_Unreal/Projet/SideScroller/Content/StarterContent/Props/SM_MatPreviewMesh_02.uasset"
[2017.09.04-11.06.32:102][  0]LogPackFactory: Copied "../../../Samples/StarterContent/Content/StarterContent/Props/SM_PillarFrame.uasset" to "../../../../../Projet_Unreal/Projet/SideScroller/Content/StarterContent/Props/SM_PillarFrame.uasset"
[2017.09.04-11.06.32:111][  0]LogPackFactory: Copied "../../../Samples/StarterContent/Content/StarterContent/Props/SM_PillarFrame300.uasset" to "../../../../../Projet_Unreal/Projet/SideScroller/Content/StarterContent/Props/SM_PillarFrame300.uasset"
[2017.09.04-11.06.32:114][  0]LogPackFactory: Copied "../../../Samples/StarterContent/Content/StarterContent/Props/SM_Rock.uasset" to "../../../../../Projet_Unreal/Projet/SideScroller/Content/StarterContent/Props/SM_Rock.uasset"
[2017.09.04-11.06.32:115][  0]LogPackFactory: Copied "../../../Samples/StarterContent/Content/StarterContent/Props/SM_Shelf.uasset" to "../../../../../Projet_Unreal/Projet/SideScroller/Content/StarterContent/Props/SM_Shelf.uasset"
[2017.09.04-11.06.32:117][  0]LogPackFactory: Copied "../../../Samples/StarterContent/Content/StarterContent/Props/SM_Stairs.uasset" to "../../../../../Projet_Unreal/Projet/SideScroller/Content/StarterContent/Props/SM_Stairs.uasset"
[2017.09.04-11.06.32:121][  0]LogPackFactory: Copied "../../../Samples/StarterContent/Content/StarterContent/Props/SM_Statue.uasset" to "../../../../../Projet_Unreal/Projet/SideScroller/Content/StarterContent/Props/SM_Statue.uasset"
[2017.09.04-11.06.32:126][  0]LogPackFactory: Copied "../../../Samples/StarterContent/Content/StarterContent/Props/SM_TableRound.uasset" to "../../../../../Projet_Unreal/Projet/SideScroller/Content/StarterContent/Props/SM_TableRound.uasset"
[2017.09.04-11.06.32:136][  0]LogPackFactory: Copied "../../../Samples/StarterContent/Content/StarterContent/Props/SM_WindowFrame.uasset" to "../../../../../Projet_Unreal/Projet/SideScroller/Content/StarterContent/Props/SM_WindowFrame.uasset"
[2017.09.04-11.06.32:146][  0]LogPackFactory: Copied "../../../Samples/StarterContent/Content/StarterContent/Props/Materials/M_Bush.uasset" to "../../../../../Projet_Unreal/Projet/SideScroller/Content/StarterContent/Props/Materials/M_Bush.uasset"
[2017.09.04-11.06.32:147][  0]LogPackFactory: Copied "../../../Samples/StarterContent/Content/StarterContent/Props/Materials/M_Chair.uasset" to "../../../../../Projet_Unreal/Projet/SideScroller/Content/StarterContent/Props/Materials/M_Chair.uasset"
[2017.09.04-11.06.32:149][  0]LogPackFactory: Copied "../../../Samples/StarterContent/Content/StarterContent/Props/Materials/M_Door.uasset" to "../../../../../Projet_Unreal/Projet/SideScroller/Content/StarterContent/Props/Materials/M_Door.uasset"
[2017.09.04-11.06.32:151][  0]LogPackFactory: Copied "../../../Samples/StarterContent/Content/StarterContent/Props/Materials/M_Frame.uasset" to "../../../../../Projet_Unreal/Projet/SideScroller/Content/StarterContent/Props/Materials/M_Frame.uasset"
[2017.09.04-11.06.32:156][  0]LogPackFactory: Copied "../../../Samples/StarterContent/Content/StarterContent/Props/Materials/M_Lamp.uasset" to "../../../../../Projet_Unreal/Projet/SideScroller/Content/StarterContent/Props/Materials/M_Lamp.uasset"
[2017.09.04-11.06.32:158][  0]LogPackFactory: Copied "../../../Samples/StarterContent/Content/StarterContent/Props/Materials/M_MaterialSphere.uasset" to "../../../../../Projet_Unreal/Projet/SideScroller/Content/StarterContent/Props/Materials/M_MaterialSphere.uasset"
[2017.09.04-11.06.32:159][  0]LogPackFactory: Copied "../../../Samples/StarterContent/Content/StarterContent/Props/Materials/M_MaterialSphere_Plain.uasset" to "../../../../../Projet_Unreal/Projet/SideScroller/Content/StarterContent/Props/Materials/M_MaterialSphere_Plain.uasset"
[2017.09.04-11.06.32:161][  0]LogPackFactory: Copied "../../../Samples/StarterContent/Content/StarterContent/Props/Materials/M_Rock.uasset" to "../../../../../Projet_Unreal/Projet/SideScroller/Content/StarterContent/Props/Materials/M_Rock.uasset"
[2017.09.04-11.06.32:163][  0]LogPackFactory: Copied "../../../Samples/StarterContent/Content/StarterContent/Props/Materials/M_Shelf.uasset" to "../../../../../Projet_Unreal/Projet/SideScroller/Content/StarterContent/Props/Materials/M_Shelf.uasset"
[2017.09.04-11.06.32:184][  0]LogPackFactory: Copied "../../../Samples/StarterContent/Content/StarterContent/Props/Materials/M_Statue.uasset" to "../../../../../Projet_Unreal/Projet/SideScroller/Content/StarterContent/Props/Materials/M_Statue.uasset"
[2017.09.04-11.06.32:186][  0]LogPackFactory: Copied "../../../Samples/StarterContent/Content/StarterContent/Props/Materials/M_StatueGlass.uasset" to "../../../../../Projet_Unreal/Projet/SideScroller/Content/StarterContent/Props/Materials/M_StatueGlass.uasset"
[2017.09.04-11.06.32:188][  0]LogPackFactory: Copied "../../../Samples/StarterContent/Content/StarterContent/Props/Materials/M_TableRound.uasset" to "../../../../../Projet_Unreal/Projet/SideScroller/Content/StarterContent/Props/Materials/M_TableRound.uasset"
[2017.09.04-11.06.32:190][  0]LogPackFactory: Copied "../../../Samples/StarterContent/Content/StarterContent/Shapes/Shape_Cone.uasset" to "../../../../../Projet_Unreal/Projet/SideScroller/Content/StarterContent/Shapes/Shape_Cone.uasset"
[2017.09.04-11.06.32:191][  0]LogPackFactory: Copied "../../../Samples/StarterContent/Content/StarterContent/Shapes/Shape_Cube.uasset" to "../../../../../Projet_Unreal/Projet/SideScroller/Content/StarterContent/Shapes/Shape_Cube.uasset"
[2017.09.04-11.06.32:193][  0]LogPackFactory: Copied "../../../Samples/StarterContent/Content/StarterContent/Shapes/Shape_Cylinder.uasset" to "../../../../../Projet_Unreal/Projet/SideScroller/Content/StarterContent/Shapes/Shape_Cylinder.uasset"
[2017.09.04-11.06.32:214][  0]LogPackFactory: Copied "../../../Samples/StarterContent/Content/StarterContent/Shapes/Shape_NarrowCapsule.uasset" to "../../../../../Projet_Unreal/Projet/SideScroller/Content/StarterContent/Shapes/Shape_NarrowCapsule.uasset"
[2017.09.04-11.06.32:215][  0]LogPackFactory: Copied "../../../Samples/StarterContent/Content/StarterContent/Shapes/Shape_Pipe.uasset" to "../../../../../Projet_Unreal/Projet/SideScroller/Content/StarterContent/Shapes/Shape_Pipe.uasset"
[2017.09.04-11.06.32:227][  0]LogPackFactory: Copied "../../../Samples/StarterContent/Content/StarterContent/Shapes/Shape_Pipe_180.uasset" to "../../../../../Projet_Unreal/Projet/SideScroller/Content/StarterContent/Shapes/Shape_Pipe_180.uasset"
[2017.09.04-11.06.32:229][  0]LogPackFactory: Copied "../../../Samples/StarterContent/Content/StarterContent/Shapes/Shape_Pipe_90.uasset" to "../../../../../Projet_Unreal/Projet/SideScroller/Content/StarterContent/Shapes/Shape_Pipe_90.uasset"
[2017.09.04-11.06.32:230][  0]LogPackFactory: Copied "../../../Samples/StarterContent/Content/StarterContent/Shapes/Shape_Plane.uasset" to "../../../../../Projet_Unreal/Projet/SideScroller/Content/StarterContent/Shapes/Shape_Plane.uasset"
[2017.09.04-11.06.32:242][  0]LogPackFactory: Copied "../../../Samples/StarterContent/Content/StarterContent/Shapes/Shape_QuadPyramid.uasset" to "../../../../../Projet_Unreal/Projet/SideScroller/Content/StarterContent/Shapes/Shape_QuadPyramid.uasset"
[2017.09.04-11.06.32:245][  0]LogPackFactory: Copied "../../../Samples/StarterContent/Content/StarterContent/Shapes/Shape_Sphere.uasset" to "../../../../../Projet_Unreal/Projet/SideScroller/Content/StarterContent/Shapes/Shape_Sphere.uasset"
[2017.09.04-11.06.32:253][  0]LogPackFactory: Copied "../../../Samples/StarterContent/Content/StarterContent/Shapes/Shape_Torus.uasset" to "../../../../../Projet_Unreal/Projet/SideScroller/Content/StarterContent/Shapes/Shape_Torus.uasset"
[2017.09.04-11.06.32:255][  0]LogPackFactory: Copied "../../../Samples/StarterContent/Content/StarterContent/Shapes/Shape_Trim.uasset" to "../../../../../Projet_Unreal/Projet/SideScroller/Content/StarterContent/Shapes/Shape_Trim.uasset"
[2017.09.04-11.06.32:257][  0]LogPackFactory: Copied "../../../Samples/StarterContent/Content/StarterContent/Shapes/Shape_Trim_90_In.uasset" to "../../../../../Projet_Unreal/Projet/SideScroller/Content/StarterContent/Shapes/Shape_Trim_90_In.uasset"
[2017.09.04-11.06.32:258][  0]LogPackFactory: Copied "../../../Samples/StarterContent/Content/StarterContent/Shapes/Shape_Trim_90_Out.uasset" to "../../../../../Projet_Unreal/Projet/SideScroller/Content/StarterContent/Shapes/Shape_Trim_90_Out.uasset"
[2017.09.04-11.06.32:260][  0]LogPackFactory: Copied "../../../Samples/StarterContent/Content/StarterContent/Shapes/Shape_TriPyramid.uasset" to "../../../../../Projet_Unreal/Projet/SideScroller/Content/StarterContent/Shapes/Shape_TriPyramid.uasset"
[2017.09.04-11.06.32:262][  0]LogPackFactory: Copied "../../../Samples/StarterContent/Content/StarterContent/Shapes/Shape_Tube.uasset" to "../../../../../Projet_Unreal/Projet/SideScroller/Content/StarterContent/Shapes/Shape_Tube.uasset"
[2017.09.04-11.06.32:263][  0]LogPackFactory: Copied "../../../Samples/StarterContent/Content/StarterContent/Shapes/Shape_Wedge_A.uasset" to "../../../../../Projet_Unreal/Projet/SideScroller/Content/StarterContent/Shapes/Shape_Wedge_A.uasset"
[2017.09.04-11.06.32:264][  0]LogPackFactory: Copied "../../../Samples/StarterContent/Content/StarterContent/Shapes/Shape_Wedge_B.uasset" to "../../../../../Projet_Unreal/Projet/SideScroller/Content/StarterContent/Shapes/Shape_Wedge_B.uasset"
[2017.09.04-11.06.32:266][  0]LogPackFactory: Copied "../../../Samples/StarterContent/Content/StarterContent/Shapes/Shape_WideCapsule.uasset" to "../../../../../Projet_Unreal/Projet/SideScroller/Content/StarterContent/Shapes/Shape_WideCapsule.uasset"
[2017.09.04-11.06.32:323][  0]LogPackFactory: Copied "../../../Samples/StarterContent/Content/StarterContent/Textures/T_Brick_Clay_Beveled_D.uasset" to "../../../../../Projet_Unreal/Projet/SideScroller/Content/StarterContent/Textures/T_Brick_Clay_Beveled_D.uasset"
[2017.09.04-11.06.32:436][  0]LogPackFactory: Copied "../../../Samples/StarterContent/Content/StarterContent/Textures/T_Brick_Clay_Beveled_M.uasset" to "../../../../../Projet_Unreal/Projet/SideScroller/Content/StarterContent/Textures/T_Brick_Clay_Beveled_M.uasset"
[2017.09.04-11.06.32:511][  0]LogPackFactory: Copied "../../../Samples/StarterContent/Content/StarterContent/Textures/T_Brick_Clay_Beveled_N.uasset" to "../../../../../Projet_Unreal/Projet/SideScroller/Content/StarterContent/Textures/T_Brick_Clay_Beveled_N.uasset"
[2017.09.04-11.06.32:573][  0]LogPackFactory: Copied "../../../Samples/StarterContent/Content/StarterContent/Textures/T_Brick_Clay_New_D.uasset" to "../../../../../Projet_Unreal/Projet/SideScroller/Content/StarterContent/Textures/T_Brick_Clay_New_D.uasset"
[2017.09.04-11.06.32:693][  0]LogPackFactory: Copied "../../../Samples/StarterContent/Content/StarterContent/Textures/T_Brick_Clay_New_M.uasset" to "../../../../../Projet_Unreal/Projet/SideScroller/Content/StarterContent/Textures/T_Brick_Clay_New_M.uasset"
[2017.09.04-11.06.32:769][  0]LogPackFactory: Copied "../../../Samples/StarterContent/Content/StarterContent/Textures/T_Brick_Clay_New_N.uasset" to "../../../../../Projet_Unreal/Projet/SideScroller/Content/StarterContent/Textures/T_Brick_Clay_New_N.uasset"
[2017.09.04-11.06.32:968][  0]LogPackFactory: Copied "../../../Samples/StarterContent/Content/StarterContent/Textures/T_Brick_Clay_Old_D.uasset" to "../../../../../Projet_Unreal/Projet/SideScroller/Content/StarterContent/Textures/T_Brick_Clay_Old_D.uasset"
[2017.09.04-11.06.33:081][  0]LogPackFactory: Copied "../../../Samples/StarterContent/Content/StarterContent/Textures/T_Brick_Clay_Old_N.uasset" to "../../../../../Projet_Unreal/Projet/SideScroller/Content/StarterContent/Textures/T_Brick_Clay_Old_N.uasset"
[2017.09.04-11.06.33:192][  0]LogPackFactory: Copied "../../../Samples/StarterContent/Content/StarterContent/Textures/T_Brick_Cut_Stone_D.uasset" to "../../../../../Projet_Unreal/Projet/SideScroller/Content/StarterContent/Textures/T_Brick_Cut_Stone_D.uasset"
[2017.09.04-11.06.33:307][  0]LogPackFactory: Copied "../../../Samples/StarterContent/Content/StarterContent/Textures/T_Brick_Cut_Stone_N.uasset" to "../../../../../Projet_Unreal/Projet/SideScroller/Content/StarterContent/Textures/T_Brick_Cut_Stone_N.uasset"
[2017.09.04-11.06.33:382][  0]LogPackFactory: Copied "../../../Samples/StarterContent/Content/StarterContent/Textures/T_Brick_Hewn_Stone_D.uasset" to "../../../../../Projet_Unreal/Projet/SideScroller/Content/StarterContent/Textures/T_Brick_Hewn_Stone_D.uasset"
[2017.09.04-11.06.33:482][  0]LogPackFactory: Copied "../../../Samples/StarterContent/Content/StarterContent/Textures/T_Brick_Hewn_Stone_M.uasset" to "../../../../../Projet_Unreal/Projet/SideScroller/Content/StarterContent/Textures/T_Brick_Hewn_Stone_M.uasset"
[2017.09.04-11.06.33:566][  0]LogPackFactory: Copied "../../../Samples/StarterContent/Content/StarterContent/Textures/T_Brick_Hewn_Stone_N.uasset" to "../../../../../Projet_Unreal/Projet/SideScroller/Content/StarterContent/Textures/T_Brick_Hewn_Stone_N.uasset"
[2017.09.04-11.06.33:598][  0]LogPackFactory: Copied "../../../Samples/StarterContent/Content/StarterContent/Textures/T_Burst_M.uasset" to "../../../../../Projet_Unreal/Projet/SideScroller/Content/StarterContent/Textures/T_Burst_M.uasset"
[2017.09.04-11.06.33:631][  0]LogPackFactory: Copied "../../../Samples/StarterContent/Content/StarterContent/Textures/T_Bush_D.uasset" to "../../../../../Projet_Unreal/Projet/SideScroller/Content/StarterContent/Textures/T_Bush_D.uasset"
[2017.09.04-11.06.33:644][  0]LogPackFactory: Copied "../../../Samples/StarterContent/Content/StarterContent/Textures/T_Bush_N.uasset" to "../../../../../Projet_Unreal/Projet/SideScroller/Content/StarterContent/Textures/T_Bush_N.uasset"
[2017.09.04-11.06.33:663][  0]LogPackFactory: Copied "../../../Samples/StarterContent/Content/StarterContent/Textures/T_Ceramic_Tile_M.uasset" to "../../../../../Projet_Unreal/Projet/SideScroller/Content/StarterContent/Textures/T_Ceramic_Tile_M.uasset"
[2017.09.04-11.06.33:674][  0]LogPackFactory: Copied "../../../Samples/StarterContent/Content/StarterContent/Textures/T_Ceramic_Tile_N.uasset" to "../../../../../Projet_Unreal/Projet/SideScroller/Content/StarterContent/Textures/T_Ceramic_Tile_N.uasset"
[2017.09.04-11.06.33:687][  0]LogPackFactory: Copied "../../../Samples/StarterContent/Content/StarterContent/Textures/T_Chair_M.uasset" to "../../../../../Projet_Unreal/Projet/SideScroller/Content/StarterContent/Textures/T_Chair_M.uasset"
[2017.09.04-11.06.33:714][  0]LogPackFactory: Copied "../../../Samples/StarterContent/Content/StarterContent/Textures/T_Chair_N.uasset" to "../../../../../Projet_Unreal/Projet/SideScroller/Content/StarterContent/Textures/T_Chair_N.uasset"
[2017.09.04-11.06.33:718][  0]LogPackFactory: Copied "../../../Samples/StarterContent/Content/StarterContent/Textures/T_Checker_Noise_M.uasset" to "../../../../../Projet_Unreal/Projet/SideScroller/Content/StarterContent/Textures/T_Checker_Noise_M.uasset"
[2017.09.04-11.06.33:818][  0]LogPackFactory: Copied "../../../Samples/StarterContent/Content/StarterContent/Textures/T_CobbleStone_Pebble_D.uasset" to "../../../../../Projet_Unreal/Projet/SideScroller/Content/StarterContent/Textures/T_CobbleStone_Pebble_D.uasset"
[2017.09.04-11.06.34:489][  0]LogPackFactory: Copied "../../../Samples/StarterContent/Content/StarterContent/Textures/T_CobbleStone_Pebble_M.uasset" to "../../../../../Projet_Unreal/Projet/SideScroller/Content/StarterContent/Textures/T_CobbleStone_Pebble_M.uasset"
[2017.09.04-11.06.35:882][  0]LogPackFactory: Copied "../../../Samples/StarterContent/Content/StarterContent/Textures/T_CobbleStone_Pebble_N.uasset" to "../../../../../Projet_Unreal/Projet/SideScroller/Content/StarterContent/Textures/T_CobbleStone_Pebble_N.uasset"
[2017.09.04-11.06.35:954][  0]LogPackFactory: Copied "../../../Samples/StarterContent/Content/StarterContent/Textures/T_CobbleStone_Rough_D.uasset" to "../../../../../Projet_Unreal/Projet/SideScroller/Content/StarterContent/Textures/T_CobbleStone_Rough_D.uasset"
[2017.09.04-11.06.35:983][  0]LogPackFactory: Copied "../../../Samples/StarterContent/Content/StarterContent/Textures/T_CobbleStone_Rough_N.uasset" to "../../../../../Projet_Unreal/Projet/SideScroller/Content/StarterContent/Textures/T_CobbleStone_Rough_N.uasset"
[2017.09.04-11.06.36:049][  0]LogPackFactory: Copied "../../../Samples/StarterContent/Content/StarterContent/Textures/T_CobbleStone_Smooth_D.uasset" to "../../../../../Projet_Unreal/Projet/SideScroller/Content/StarterContent/Textures/T_CobbleStone_Smooth_D.uasset"
[2017.09.04-11.06.36:201][  0]LogPackFactory: Copied "../../../Samples/StarterContent/Content/StarterContent/Textures/T_CobbleStone_Smooth_M.uasset" to "../../../../../Projet_Unreal/Projet/SideScroller/Content/StarterContent/Textures/T_CobbleStone_Smooth_M.uasset"
[2017.09.04-11.06.36:280][  0]LogPackFactory: Copied "../../../Samples/StarterContent/Content/StarterContent/Textures/T_CobbleStone_Smooth_N.uasset" to "../../../../../Projet_Unreal/Projet/SideScroller/Content/StarterContent/Textures/T_CobbleStone_Smooth_N.uasset"
[2017.09.04-11.06.36:405][  0]LogPackFactory: Copied "../../../Samples/StarterContent/Content/StarterContent/Textures/T_Concrete_Grime_D.uasset" to "../../../../../Projet_Unreal/Projet/SideScroller/Content/StarterContent/Textures/T_Concrete_Grime_D.uasset"
[2017.09.04-11.06.36:482][  0]LogPackFactory: Copied "../../../Samples/StarterContent/Content/StarterContent/Textures/T_Concrete_Panels_D.uasset" to "../../../../../Projet_Unreal/Projet/SideScroller/Content/StarterContent/Textures/T_Concrete_Panels_D.uasset"
[2017.09.04-11.06.37:098][  0]LogPackFactory: Copied "../../../Samples/StarterContent/Content/StarterContent/Textures/T_Concrete_Panels_N.uasset" to "../../../../../Projet_Unreal/Projet/SideScroller/Content/StarterContent/Textures/T_Concrete_Panels_N.uasset"
[2017.09.04-11.06.37:202][  0]LogPackFactory: Copied "../../../Samples/StarterContent/Content/StarterContent/Textures/T_Concrete_Poured_D.uasset" to "../../../../../Projet_Unreal/Projet/SideScroller/Content/StarterContent/Textures/T_Concrete_Poured_D.uasset"
[2017.09.04-11.06.37:320][  0]LogPackFactory: Copied "../../../Samples/StarterContent/Content/StarterContent/Textures/T_Concrete_Poured_N.uasset" to "../../../../../Projet_Unreal/Projet/SideScroller/Content/StarterContent/Textures/T_Concrete_Poured_N.uasset"
[2017.09.04-11.06.37:373][  0]LogPackFactory: Copied "../../../Samples/StarterContent/Content/StarterContent/Textures/T_Concrete_Tiles_D.uasset" to "../../../../../Projet_Unreal/Projet/SideScroller/Content/StarterContent/Textures/T_Concrete_Tiles_D.uasset"
[2017.09.04-11.06.37:473][  0]LogPackFactory: Copied "../../../Samples/StarterContent/Content/StarterContent/Textures/T_Concrete_Tiles_M.uasset" to "../../../../../Projet_Unreal/Projet/SideScroller/Content/StarterContent/Textures/T_Concrete_Tiles_M.uasset"
[2017.09.04-11.06.37:530][  0]LogPackFactory: Copied "../../../Samples/StarterContent/Content/StarterContent/Textures/T_Concrete_Tiles_N.uasset" to "../../../../../Projet_Unreal/Projet/SideScroller/Content/StarterContent/Textures/T_Concrete_Tiles_N.uasset"
[2017.09.04-11.06.37:578][  0]LogPackFactory: Copied "../../../Samples/StarterContent/Content/StarterContent/Textures/T_Concrete_Tiles_Variation_M.uasset" to "../../../../../Projet_Unreal/Projet/SideScroller/Content/StarterContent/Textures/T_Concrete_Tiles_Variation_M.uasset"
[2017.09.04-11.06.37:631][  0]LogPackFactory: Copied "../../../Samples/StarterContent/Content/StarterContent/Textures/T_Detail_Rocky_N.uasset" to "../../../../../Projet_Unreal/Projet/SideScroller/Content/StarterContent/Textures/T_Detail_Rocky_N.uasset"
[2017.09.04-11.06.37:673][  0]LogPackFactory: Copied "../../../Samples/StarterContent/Content/StarterContent/Textures/T_Door_M.uasset" to "../../../../../Projet_Unreal/Projet/SideScroller/Content/StarterContent/Textures/T_Door_M.uasset"
[2017.09.04-11.06.37:684][  0]LogPackFactory: Copied "../../../Samples/StarterContent/Content/StarterContent/Textures/T_Door_N.uasset" to "../../../../../Projet_Unreal/Projet/SideScroller/Content/StarterContent/Textures/T_Door_N.uasset"
[2017.09.04-11.06.37:711][  0]LogPackFactory: Copied "../../../Samples/StarterContent/Content/StarterContent/Textures/T_Dust_Particle_D.uasset" to "../../../../../Projet_Unreal/Projet/SideScroller/Content/StarterContent/Textures/T_Dust_Particle_D.uasset"
[2017.09.04-11.06.37:762][  0]LogPackFactory: Copied "../../../Samples/StarterContent/Content/StarterContent/Textures/T_Explosion_SubUV.uasset" to "../../../../../Projet_Unreal/Projet/SideScroller/Content/StarterContent/Textures/T_Explosion_SubUV.uasset"
[2017.09.04-11.06.37:774][  0]LogPackFactory: Copied "../../../Samples/StarterContent/Content/StarterContent/Textures/T_Fire_SubUV.uasset" to "../../../../../Projet_Unreal/Projet/SideScroller/Content/StarterContent/Textures/T_Fire_SubUV.uasset"
[2017.09.04-11.06.37:786][  0]LogPackFactory: Copied "../../../Samples/StarterContent/Content/StarterContent/Textures/T_Fire_Tiled_D.uasset" to "../../../../../Projet_Unreal/Projet/SideScroller/Content/StarterContent/Textures/T_Fire_Tiled_D.uasset"
[2017.09.04-11.06.37:790][  0]LogPackFactory: Copied "../../../Samples/StarterContent/Content/StarterContent/Textures/T_Frame_M.uasset" to "../../../../../Projet_Unreal/Projet/SideScroller/Content/StarterContent/Textures/T_Frame_M.uasset"
[2017.09.04-11.06.37:802][  0]LogPackFactory: Copied "../../../Samples/StarterContent/Content/StarterContent/Textures/T_Frame_N.uasset" to "../../../../../Projet_Unreal/Projet/SideScroller/Content/StarterContent/Textures/T_Frame_N.uasset"
[2017.09.04-11.06.37:814][  0]LogPackFactory: Copied "../../../Samples/StarterContent/Content/StarterContent/Textures/T_Gradinet_01.uasset" to "../../../../../Projet_Unreal/Projet/SideScroller/Content/StarterContent/Textures/T_Gradinet_01.uasset"
[2017.09.04-11.06.38:854][  0]LogPackFactory: Copied "../../../Samples/StarterContent/Content/StarterContent/Textures/T_Ground_Grass_D.uasset" to "../../../../../Projet_Unreal/Projet/SideScroller/Content/StarterContent/Textures/T_Ground_Grass_D.uasset"
[2017.09.04-11.06.39:124][  0]LogPackFactory: Copied "../../../Samples/StarterContent/Content/StarterContent/Textures/T_Ground_Grass_N.uasset" to "../../../../../Projet_Unreal/Projet/SideScroller/Content/StarterContent/Textures/T_Ground_Grass_N.uasset"
[2017.09.04-11.06.39:222][  0]LogPackFactory: Copied "../../../Samples/StarterContent/Content/StarterContent/Textures/T_Ground_Gravel_D.uasset" to "../../../../../Projet_Unreal/Projet/SideScroller/Content/StarterContent/Textures/T_Ground_Gravel_D.uasset"
[2017.09.04-11.06.39:605][  0]LogPackFactory: Copied "../../../Samples/StarterContent/Content/StarterContent/Textures/T_Ground_Gravel_N.uasset" to "../../../../../Projet_Unreal/Projet/SideScroller/Content/StarterContent/Textures/T_Ground_Gravel_N.uasset"
[2017.09.04-11.06.39:766][  0]LogPackFactory: Copied "../../../Samples/StarterContent/Content/StarterContent/Textures/T_ground_Moss_D.uasset" to "../../../../../Projet_Unreal/Projet/SideScroller/Content/StarterContent/Textures/T_ground_Moss_D.uasset"
[2017.09.04-11.06.39:881][  0]LogPackFactory: Copied "../../../Samples/StarterContent/Content/StarterContent/Textures/T_Ground_Moss_N.uasset" to "../../../../../Projet_Unreal/Projet/SideScroller/Content/StarterContent/Textures/T_Ground_Moss_N.uasset"
[2017.09.04-11.06.39:889][  0]LogPackFactory: Copied "../../../Samples/StarterContent/Content/StarterContent/Textures/T_Lamp_M.uasset" to "../../../../../Projet_Unreal/Projet/SideScroller/Content/StarterContent/Textures/T_Lamp_M.uasset"
[2017.09.04-11.06.39:907][  0]LogPackFactory: Copied "../../../Samples/StarterContent/Content/StarterContent/Textures/T_Lamp_N.uasset" to "../../../../../Projet_Unreal/Projet/SideScroller/Content/StarterContent/Textures/T_Lamp_N.uasset"
[2017.09.04-11.06.39:997][  0]LogPackFactory: Copied "../../../Samples/StarterContent/Content/StarterContent/Textures/T_MacroVariation.uasset" to "../../../../../Projet_Unreal/Projet/SideScroller/Content/StarterContent/Textures/T_MacroVariation.uasset"
[2017.09.04-11.06.40:182][  0]LogPackFactory: Copied "../../../Samples/StarterContent/Content/StarterContent/Textures/T_Metal_Aluminum_D.uasset" to "../../../../../Projet_Unreal/Projet/SideScroller/Content/StarterContent/Textures/T_Metal_Aluminum_D.uasset"
[2017.09.04-11.06.40:246][  0]LogPackFactory: Copied "../../../Samples/StarterContent/Content/StarterContent/Textures/T_Metal_Copper_D.uasset" to "../../../../../Projet_Unreal/Projet/SideScroller/Content/StarterContent/Textures/T_Metal_Copper_D.uasset"
[2017.09.04-11.06.40:361][  0]LogPackFactory: Copied "../../../Samples/StarterContent/Content/StarterContent/Textures/T_Metal_Gold_D.uasset" to "../../../../../Projet_Unreal/Projet/SideScroller/Content/StarterContent/Textures/T_Metal_Gold_D.uasset"
[2017.09.04-11.06.40:392][  0]LogPackFactory: Copied "../../../Samples/StarterContent/Content/StarterContent/Textures/T_Metal_Gold_N.uasset" to "../../../../../Projet_Unreal/Projet/SideScroller/Content/StarterContent/Textures/T_Metal_Gold_N.uasset"
[2017.09.04-11.06.40:513][  0]LogPackFactory: Copied "../../../Samples/StarterContent/Content/StarterContent/Textures/T_Metal_Rust_D.uasset" to "../../../../../Projet_Unreal/Projet/SideScroller/Content/StarterContent/Textures/T_Metal_Rust_D.uasset"
[2017.09.04-11.06.40:582][  0]LogPackFactory: Copied "../../../Samples/StarterContent/Content/StarterContent/Textures/T_Metal_Rust_N.uasset" to "../../../../../Projet_Unreal/Projet/SideScroller/Content/StarterContent/Textures/T_Metal_Rust_N.uasset"
[2017.09.04-11.06.41:656][  0]LogPackFactory: Copied "../../../Samples/StarterContent/Content/StarterContent/Textures/T_Metal_Steel_D.uasset" to "../../../../../Projet_Unreal/Projet/SideScroller/Content/StarterContent/Textures/T_Metal_Steel_D.uasset"
[2017.09.04-11.06.42:682][  0]LogPackFactory: Copied "../../../Samples/StarterContent/Content/StarterContent/Textures/T_Metal_Steel_N.uasset" to "../../../../../Projet_Unreal/Projet/SideScroller/Content/StarterContent/Textures/T_Metal_Steel_N.uasset"
[2017.09.04-11.06.42:765][  0]LogPackFactory: Copied "../../../Samples/StarterContent/Content/StarterContent/Textures/T_Perlin_Noise_M.uasset" to "../../../../../Projet_Unreal/Projet/SideScroller/Content/StarterContent/Textures/T_Perlin_Noise_M.uasset"
[2017.09.04-11.06.42:831][  0]LogPackFactory: Copied "../../../Samples/StarterContent/Content/StarterContent/Textures/T_RockMesh_M.uasset" to "../../../../../Projet_Unreal/Projet/SideScroller/Content/StarterContent/Textures/T_RockMesh_M.uasset"
[2017.09.04-11.06.42:887][  0]LogPackFactory: Copied "../../../Samples/StarterContent/Content/StarterContent/Textures/T_RockMesh_N.uasset" to "../../../../../Projet_Unreal/Projet/SideScroller/Content/StarterContent/Textures/T_RockMesh_N.uasset"
[2017.09.04-11.06.43:006][  0]LogPackFactory: Copied "../../../Samples/StarterContent/Content/StarterContent/Textures/T_Rock_Basalt_D.uasset" to "../../../../../Projet_Unreal/Projet/SideScroller/Content/StarterContent/Textures/T_Rock_Basalt_D.uasset"
[2017.09.04-11.06.43:112][  0]LogPackFactory: Copied "../../../Samples/StarterContent/Content/StarterContent/Textures/T_Rock_Basalt_N.uasset" to "../../../../../Projet_Unreal/Projet/SideScroller/Content/StarterContent/Textures/T_Rock_Basalt_N.uasset"
[2017.09.04-11.06.43:152][  0]LogPackFactory: Copied "../../../Samples/StarterContent/Content/StarterContent/Textures/T_Rock_Marble_Polished_D.uasset" to "../../../../../Projet_Unreal/Projet/SideScroller/Content/StarterContent/Textures/T_Rock_Marble_Polished_D.uasset"
[2017.09.04-11.06.43:265][  0]LogPackFactory: Copied "../../../Samples/StarterContent/Content/StarterContent/Textures/T_Rock_Sandstone_D.uasset" to "../../../../../Projet_Unreal/Projet/SideScroller/Content/StarterContent/Textures/T_Rock_Sandstone_D.uasset"
[2017.09.04-11.06.43:339][  0]LogPackFactory: Copied "../../../Samples/StarterContent/Content/StarterContent/Textures/T_Rock_Sandstone_N.uasset" to "../../../../../Projet_Unreal/Projet/SideScroller/Content/StarterContent/Textures/T_Rock_Sandstone_N.uasset"
[2017.09.04-11.06.43:503][  0]LogPackFactory: Copied "../../../Samples/StarterContent/Content/StarterContent/Textures/T_Rock_Slate_D.uasset" to "../../../../../Projet_Unreal/Projet/SideScroller/Content/StarterContent/Textures/T_Rock_Slate_D.uasset"
[2017.09.04-11.06.44:890][  0]LogPackFactory: Copied "../../../Samples/StarterContent/Content/StarterContent/Textures/T_Rock_Slate_N.uasset" to "../../../../../Projet_Unreal/Projet/SideScroller/Content/StarterContent/Textures/T_Rock_Slate_N.uasset"
[2017.09.04-11.06.45:531][  0]LogPackFactory: Copied "../../../Samples/StarterContent/Content/StarterContent/Textures/T_Rock_Smooth_Granite_D.uasset" to "../../../../../Projet_Unreal/Projet/SideScroller/Content/StarterContent/Textures/T_Rock_Smooth_Granite_D.uasset"
[2017.09.04-11.06.45:583][  0]LogPackFactory: Copied "../../../Samples/StarterContent/Content/StarterContent/Textures/T_Shelf_M.uasset" to "../../../../../Projet_Unreal/Projet/SideScroller/Content/StarterContent/Textures/T_Shelf_M.uasset"
[2017.09.04-11.06.45:610][  0]LogPackFactory: Copied "../../../Samples/StarterContent/Content/StarterContent/Textures/T_Shelf_N.uasset" to "../../../../../Projet_Unreal/Projet/SideScroller/Content/StarterContent/Textures/T_Shelf_N.uasset"
[2017.09.04-11.06.45:615][  0]LogPackFactory: Copied "../../../Samples/StarterContent/Content/StarterContent/Textures/T_Single_Tile_N.uasset" to "../../../../../Projet_Unreal/Projet/SideScroller/Content/StarterContent/Textures/T_Single_Tile_N.uasset"
[2017.09.04-11.06.45:644][  0]LogPackFactory: Copied "../../../Samples/StarterContent/Content/StarterContent/Textures/T_Smoke_SubUV.uasset" to "../../../../../Projet_Unreal/Projet/SideScroller/Content/StarterContent/Textures/T_Smoke_SubUV.uasset"
[2017.09.04-11.06.45:784][  0]LogPackFactory: Copied "../../../Samples/StarterContent/Content/StarterContent/Textures/T_Smoke_Tiled_D.uasset" to "../../../../../Projet_Unreal/Projet/SideScroller/Content/StarterContent/Textures/T_Smoke_Tiled_D.uasset"
[2017.09.04-11.06.45:824][  0]LogPackFactory: Copied "../../../Samples/StarterContent/Content/StarterContent/Textures/T_Spark_Core.uasset" to "../../../../../Projet_Unreal/Projet/SideScroller/Content/StarterContent/Textures/T_Spark_Core.uasset"
[2017.09.04-11.06.45:836][  0]LogPackFactory: Copied "../../../Samples/StarterContent/Content/StarterContent/Textures/T_Statue_M.uasset" to "../../../../../Projet_Unreal/Projet/SideScroller/Content/StarterContent/Textures/T_Statue_M.uasset"
[2017.09.04-11.06.45:861][  0]LogPackFactory: Copied "../../../Samples/StarterContent/Content/StarterContent/Textures/T_Statue_N.uasset" to "../../../../../Projet_Unreal/Projet/SideScroller/Content/StarterContent/Textures/T_Statue_N.uasset"
[2017.09.04-11.06.45:920][  0]LogPackFactory: Copied "../../../Samples/StarterContent/Content/StarterContent/Textures/T_TableRound_M.uasset" to "../../../../../Projet_Unreal/Projet/SideScroller/Content/StarterContent/Textures/T_TableRound_M.uasset"
[2017.09.04-11.06.45:945][  0]LogPackFactory: Copied "../../../Samples/StarterContent/Content/StarterContent/Textures/T_TableRound_N.uasset" to "../../../../../Projet_Unreal/Projet/SideScroller/Content/StarterContent/Textures/T_TableRound_N.uasset"
[2017.09.04-11.06.45:951][  0]LogPackFactory: Copied "../../../Samples/StarterContent/Content/StarterContent/Textures/T_Tech_Dot_M.uasset" to "../../../../../Projet_Unreal/Projet/SideScroller/Content/StarterContent/Textures/T_Tech_Dot_M.uasset"
[2017.09.04-11.06.45:959][  0]LogPackFactory: Copied "../../../Samples/StarterContent/Content/StarterContent/Textures/T_Tech_Dot_N.uasset" to "../../../../../Projet_Unreal/Projet/SideScroller/Content/StarterContent/Textures/T_Tech_Dot_N.uasset"
[2017.09.04-11.06.45:984][  0]LogPackFactory: Copied "../../../Samples/StarterContent/Content/StarterContent/Textures/T_Tech_Hex_Tile_M.uasset" to "../../../../../Projet_Unreal/Projet/SideScroller/Content/StarterContent/Textures/T_Tech_Hex_Tile_M.uasset"
[2017.09.04-11.06.45:987][  0]LogPackFactory: Copied "../../../Samples/StarterContent/Content/StarterContent/Textures/T_Tech_Hex_Tile_N.uasset" to "../../../../../Projet_Unreal/Projet/SideScroller/Content/StarterContent/Textures/T_Tech_Hex_Tile_N.uasset"
[2017.09.04-11.06.46:010][  0]LogPackFactory: Copied "../../../Samples/StarterContent/Content/StarterContent/Textures/T_Tech_Panel_M.uasset" to "../../../../../Projet_Unreal/Projet/SideScroller/Content/StarterContent/Textures/T_Tech_Panel_M.uasset"
[2017.09.04-11.06.46:042][  0]LogPackFactory: Copied "../../../Samples/StarterContent/Content/StarterContent/Textures/T_Tech_Panel_N.uasset" to "../../../../../Projet_Unreal/Projet/SideScroller/Content/StarterContent/Textures/T_Tech_Panel_N.uasset"
[2017.09.04-11.06.46:059][  0]LogPackFactory: Copied "../../../Samples/StarterContent/Content/StarterContent/Textures/T_Water_M.uasset" to "../../../../../Projet_Unreal/Projet/SideScroller/Content/StarterContent/Textures/T_Water_M.uasset"
[2017.09.04-11.06.46:148][  0]LogPackFactory: Copied "../../../Samples/StarterContent/Content/StarterContent/Textures/T_Water_N.uasset" to "../../../../../Projet_Unreal/Projet/SideScroller/Content/StarterContent/Textures/T_Water_N.uasset"
[2017.09.04-11.06.46:194][  0]LogPackFactory: Copied "../../../Samples/StarterContent/Content/StarterContent/Textures/T_Wood_Floor_Walnut_D.uasset" to "../../../../../Projet_Unreal/Projet/SideScroller/Content/StarterContent/Textures/T_Wood_Floor_Walnut_D.uasset"
[2017.09.04-11.06.46:238][  0]LogPackFactory: Copied "../../../Samples/StarterContent/Content/StarterContent/Textures/T_Wood_Floor_Walnut_M.uasset" to "../../../../../Projet_Unreal/Projet/SideScroller/Content/StarterContent/Textures/T_Wood_Floor_Walnut_M.uasset"
[2017.09.04-11.06.46:308][  0]LogPackFactory: Copied "../../../Samples/StarterContent/Content/StarterContent/Textures/T_Wood_Floor_Walnut_N.uasset" to "../../../../../Projet_Unreal/Projet/SideScroller/Content/StarterContent/Textures/T_Wood_Floor_Walnut_N.uasset"
[2017.09.04-11.06.46:847][  0]LogPackFactory: Copied "../../../Samples/StarterContent/Content/StarterContent/Textures/T_Wood_Oak_D.uasset" to "../../../../../Projet_Unreal/Projet/SideScroller/Content/StarterContent/Textures/T_Wood_Oak_D.uasset"
[2017.09.04-11.06.46:945][  0]LogPackFactory: Copied "../../../Samples/StarterContent/Content/StarterContent/Textures/T_Wood_Oak_N.uasset" to "../../../../../Projet_Unreal/Projet/SideScroller/Content/StarterContent/Textures/T_Wood_Oak_N.uasset"
[2017.09.04-11.06.47:022][  0]LogPackFactory: Copied "../../../Samples/StarterContent/Content/StarterContent/Textures/T_Wood_Pine_D.uasset" to "../../../../../Projet_Unreal/Projet/SideScroller/Content/StarterContent/Textures/T_Wood_Pine_D.uasset"
[2017.09.04-11.06.47:100][  0]LogPackFactory: Copied "../../../Samples/StarterContent/Content/StarterContent/Textures/T_Wood_Pine_N.uasset" to "../../../../../Projet_Unreal/Projet/SideScroller/Content/StarterContent/Textures/T_Wood_Pine_N.uasset"
[2017.09.04-11.06.47:150][  0]LogPackFactory: Copied "../../../Samples/StarterContent/Content/StarterContent/Textures/T_Wood_Walnut_D.uasset" to "../../../../../Projet_Unreal/Projet/SideScroller/Content/StarterContent/Textures/T_Wood_Walnut_D.uasset"
[2017.09.04-11.06.47:193][  0]LogPackFactory: Copied "../../../Samples/StarterContent/Content/StarterContent/Textures/T_Wood_Walnut_N.uasset" to "../../../../../Projet_Unreal/Projet/SideScroller/Content/StarterContent/Textures/T_Wood_Walnut_N.uasset"
[2017.09.04-11.06.47:291][  0]LogRenderer: Reallocating scene render targets to support 256x256 Format 10 NumSamples 1 (Frame:1).
[2017.09.04-11.06.47:384][  0]Cmd: OBJ SAVEPACKAGE PACKAGE="/Game/StarterContent/Architecture/Floor_400x400" FILE="../../../../../Projet_Unreal/Projet/SideScroller/Content/StarterContent/Architecture/Floor_400x400.uasset" SILENT=true
[2017.09.04-11.06.47:426][  0]LogSavePackage: Save=39.43ms
[2017.09.04-11.06.47:426][  0]LogSavePackage: Moving '../../../../../Projet_Unreal/Projet/SideScroller/Saved/Floor_400x400D1B781654028F6BA9FC99CA3BAE7098D.tmp' to '../../../../../Projet_Unreal/Projet/SideScroller/Content/StarterContent/Architecture/Floor_400x400.uasset'
[2017.09.04-11.06.47:430][  0]LogSavePackage: Display: Finished SavePackage ../../../../../Projet_Unreal/Projet/SideScroller/Content/StarterContent/Architecture/Floor_400x400.uasset
[2017.09.04-11.06.47:430][  0]LogFeaturePack: Warning: Inserted 1 feature packs
[2017.09.04-11.06.47:431][  0]Cmd: MAP LOAD FILE="../../../../../Projet_Unreal/Projet/SideScroller/Content/SideScrollerBP/Maps/SideScrollerExampleMap.umap" TEMPLATE=0 SHOWPROGRESS=1 FEATURELEVEL=3
[2017.09.04-11.06.47:432][  0]LightingResults: New page: Lighting Build
[2017.09.04-11.06.47:473][  0]MapCheck: New page: Map Check
[2017.09.04-11.06.47:473][  0]LightingResults: New page: Lighting Build
[2017.09.04-11.06.48:224][  0]LogAIModule: Creating AISystem for world SideScrollerExampleMap
[2017.09.04-11.06.48:234][  0]LogEditorServer: Finished looking for orphan Actors (0.000 secs)
[2017.09.04-11.06.48:255][  0]Cmd: MAP CHECKDEP NOCLEARLOG
[2017.09.04-11.06.48:333][  0]MapCheck: Map check complete: 0 Error(s), 0 Warning(s), took 78.299ms to complete.
[2017.09.04-11.06.48:333][  0]LogFileHelpers: Loading map 'SideScrollerExampleMap' took 0.902
[2017.09.04-11.06.48:576][  0]LogCollectionManager: Loaded 0 collections in 0.001239 seconds
[2017.09.04-11.06.48:684][  0]LogFileCache: Scanning file cache for directory 'D:/Projet_Unreal/Projet/SideScroller/Saved/Collections/' took 0.01s
[2017.09.04-11.06.48:685][  0]LogFileCache: Scanning file cache for directory 'D:/Projet_Unreal/Projet/SideScroller/Content/Developers/yvana/Collections/' took 0.01s
[2017.09.04-11.06.48:685][  0]LogFileCache: Scanning file cache for directory 'D:/Projet_Unreal/Projet/SideScroller/Content/Collections/' took 0.01s
[2017.09.04-11.06.48:685][  0]LogCollectionManager: Rebuilt the GUID cache for 0 collections in 0.000000 seconds
[2017.09.04-11.06.48:695][  0]LogContentBrowser: Native class hierarchy populated in 0.0100 seconds. Added 2386 classes and 500 folders.
[2017.09.04-11.06.48:741][  0]LogContentBrowser: Native class hierarchy updated for 'WidgetCarousel' in 0.0008 seconds. Added 0 classes and 0 folders.
[2017.09.04-11.06.48:788][  0]LogContentBrowser: Native class hierarchy updated for 'AddContentDialog' in 0.0005 seconds. Added 0 classes and 0 folders.
[2017.09.04-11.06.48:842][  0]LogContentBrowser: Native class hierarchy updated for 'SceneOutliner' in 0.0008 seconds. Added 1 classes and 2 folders.
[2017.09.04-11.06.48:875][  0]LogSlate: Took 0.000305 seconds to synchronously load lazily loaded font '../../../Engine/Content/Slate/Fonts/Roboto-Regular.ttf' (155K)
[2017.09.04-11.06.48:877][  0]LogSlate: Took 0.000286 seconds to synchronously load lazily loaded font '../../../Engine/Content/Slate/Fonts/Roboto-Bold.ttf' (160K)
[2017.09.04-11.06.48:896][  0]LogSlate: Took 0.014094 seconds to synchronously load lazily loaded font '../../../Engine/Content/Editor/Slate/Fonts/FontAwesome.ttf' (139K)
[2017.09.04-11.06.48:968][  0]LogRenderer: Reallocating scene render targets to support 1208x576 Format 10 NumSamples 1 (Frame:1).
[2017.09.04-11.06.49:032][  0]LogSlate: Took 0.000315 seconds to synchronously load lazily loaded font '../../../Engine/Content/Slate/Fonts/Roboto-Light.ttf' (159K)
[2017.09.04-11.06.49:152][  0]LogContentBrowser: Native class hierarchy updated for 'HierarchicalLODOutliner' in 0.0007 seconds. Added 1 classes and 2 folders.
[2017.09.04-11.06.49:152][  0]LogLoad: (Engine Initialization) Total time: 32.94 seconds
[2017.09.04-11.06.49:152][  0]LogLoad: (Engine Initialization) Total Blueprint compile time: 0.00 seconds
[2017.09.04-11.06.49:152][  0]LogExternalProfiler: No external profilers were discovered.  External profiling features will not be available.
[2017.09.04-11.06.49:164][  0]LogWindowsTextInputMethodSystem: Display: IME system now deactivated.
[2017.09.04-11.06.49:405][  0]LogAssetRegistry: Asset discovery search completed in 27.3051 seconds
[2017.09.04-11.06.49:408][  0]LogCollectionManager: Rebuilt the object cache for 0 collections in 0.000001 seconds (found 0 objects)
[2017.09.04-11.06.49:408][  0]LogCollectionManager: Fixed up redirectors for 0 collections in 0.000046 seconds (updated 0 objects)
[2017.09.04-11.06.49:497][  0]LogContentStreaming: Texture pool size now 1000 MB
[2017.09.04-11.07.14:765][936]SourceControl: On branch master
[2017.09.04-11.07.14:765][936]SourceControl: Your branch is up-to-date with 'origin/master'.
[2017.09.04-11.07.14:765][936]SourceControl: Untracked files:
[2017.09.04-11.07.14:765][936]SourceControl:   (use "git add <file>..." to include in what will be committed)
[2017.09.04-11.07.14:765][936]SourceControl: 	SideScroller/
[2017.09.04-11.07.14:765][936]SourceControl: nothing added to commit but untracked files present (use "git add" to track)
